15:06:28.993 [restartedMain] INFO   o.s.boot.StartupInfoLogger.logStarting 50  - Starting PaymentApplication on analytiq-HP-EliteBook-840-G3 with PID 13686 (/home/analytiq/Documents/Developer/asktechpaypages_kms/target/classes started by analytiq in /home/analytiq/Documents/Developer/asktechpaypages_kms)
15:06:29.012 [restartedMain] DEBUG  o.s.boot.StartupInfoLogger.logStarting 53  - Running with Spring Boot v2.1.4.RELEASE, Spring v5.1.6.RELEASE
15:06:29.013 [restartedMain] INFO   o.s.boot.SpringApplication.logStartupProfileInfo 679  - The following profiles are active: dev
15:06:29.142 [restartedMain] INFO   o.s.boot.logging.DeferredLog.logTo 227  - Devtools property defaults active! Set 'spring.devtools.add-properties' to 'false' to disable
15:06:29.143 [restartedMain] INFO   o.s.boot.logging.DeferredLog.logTo 227  - For additional web related logging consider setting the 'logging.level.web' property to 'DEBUG'
15:06:30.654 [restartedMain] INFO   o.s.d.r.c.RepositoryConfigurationDelegate.registerRepositoriesIn 126  - Bootstrapping Spring Data repositories in DEFAULT mode.
15:06:31.082 [restartedMain] INFO   o.s.d.r.c.RepositoryConfigurationDelegate.registerRepositoriesIn 182  - Finished Spring Data repository scanning in 415ms. Found 66 repository interfaces.
15:06:31.687 [restartedMain] INFO   o.s.c.s.PostProcessorRegistrationDelegate$BeanPostProcessorChecker.postProcessAfterInitialization 330  - Bean 'org.springframework.transaction.annotation.ProxyTransactionManagementConfiguration' of type [org.springframework.transaction.annotation.ProxyTransactionManagementConfiguration$$EnhancerBySpringCGLIB$$60574645] is not eligible for getting processed by all BeanPostProcessors (for example: not eligible for auto-proxying)
15:06:32.609 [restartedMain] INFO   o.s.b.w.e.tomcat.TomcatWebServer.initialize 90  - Tomcat initialized with port(s): 8090 (http)
15:06:32.635 [restartedMain] INFO   org.apache.juli.logging.DirectJDKLog.log 173  - Initializing ProtocolHandler ["http-nio-8090"]
15:06:32.670 [restartedMain] INFO   org.apache.juli.logging.DirectJDKLog.log 173  - Starting service [Tomcat]
15:06:32.671 [restartedMain] INFO   org.apache.juli.logging.DirectJDKLog.log 173  - Starting Servlet engine: [Apache Tomcat/9.0.17]
15:06:32.904 [restartedMain] INFO   org.apache.juli.logging.DirectJDKLog.log 173  - Initializing Spring embedded WebApplicationContext
15:06:32.905 [restartedMain] INFO   o.s.b.w.s.c.ServletWebServerApplicationContext.prepareWebApplicationContext 296  - Root WebApplicationContext: initialization completed in 3761 ms
15:06:33.190 [restartedMain] INFO   com.zaxxer.hikari.HikariDataSource.getConnection 110  - HikariPool-1 - Starting...
15:06:33.620 [restartedMain] INFO   com.zaxxer.hikari.HikariDataSource.getConnection 123  - HikariPool-1 - Start completed.
15:06:33.757 [restartedMain] INFO   o.h.jpa.internal.util.LogHelper.logPersistenceUnitInformation 31  - HHH000204: Processing PersistenceUnitInfo [
	name: default
	...]
15:06:33.929 [restartedMain] INFO   org.hibernate.Version.logVersion 46  - HHH000412: Hibernate Core {5.3.9.Final}
15:06:33.937 [restartedMain] INFO   org.hibernate.cfg.Environment.<clinit> 213  - HHH000206: hibernate.properties not found
15:06:34.213 [restartedMain] INFO   o.h.a.c.r.java.JavaReflectionManager.<clinit> 49  - HCANN000001: Hibernate Commons Annotations {5.0.4.Final}
15:06:34.544 [restartedMain] INFO   org.hibernate.dialect.Dialect.<init> 157  - HHH000400: Using dialect: org.hibernate.dialect.MySQL8Dialect
15:06:40.971 [restartedMain] INFO   o.s.o.j.AbstractEntityManagerFactoryBean.buildNativeEntityManagerFactory 415  - Initialized JPA EntityManagerFactory for persistence unit 'default'
15:06:41.394 [restartedMain] INFO   o.s.b.d.a.OptionalLiveReloadServer.startServer 57  - LiveReload server is running on port 35729
15:06:43.504 [restartedMain] INFO   o.s.s.c.ExecutorConfigurationSupport.initialize 171  - Initializing ExecutorService 'applicationTaskExecutor'
15:06:43.626 [restartedMain] WARN   o.s.b.a.o.j.JpaBaseConfiguration$JpaWebConfiguration$JpaWebMvcConfiguration.openEntityManagerInViewInterceptor 237  - spring.jpa.open-in-view is enabled by default. Therefore, database queries may be performed during view rendering. Explicitly configure spring.jpa.open-in-view to disable this warning
15:06:44.028 [restartedMain] INFO   org.apache.juli.logging.DirectJDKLog.log 173  - Starting ProtocolHandler ["http-nio-8090"]
15:06:44.057 [restartedMain] INFO   o.s.b.w.e.tomcat.TomcatWebServer.start 204  - Tomcat started on port(s): 8090 (http) with context path ''
15:06:44.068 [restartedMain] INFO   o.s.boot.StartupInfoLogger.logStarted 59  - Started PaymentApplication in 15.822 seconds (JVM running for 17.108)
15:07:10.772 [Thread-8] INFO   o.s.s.c.ExecutorConfigurationSupport.shutdown 208  - Shutting down ExecutorService 'applicationTaskExecutor'
15:07:10.816 [Thread-8] INFO   o.s.o.j.AbstractEntityManagerFactoryBean.destroy 597  - Closing JPA EntityManagerFactory for persistence unit 'default'
15:07:10.821 [Thread-8] INFO   com.zaxxer.hikari.HikariDataSource.close 350  - HikariPool-1 - Shutdown initiated...
15:07:10.860 [Thread-8] INFO   com.zaxxer.hikari.HikariDataSource.close 352  - HikariPool-1 - Shutdown completed.
