INFO 2021-06-12 14:04:20,988 [restartedMain] 55 - Starting PaymentApplication using Java 15 on asktech-ThinkPad with PID 7678 (/home/asktech/AskTech/WrokSpace/payment/target/classes started by asktech in /home/asktech/AskTech/WrokSpace/payment)
INFO 2021-06-12 14:04:20,994 [restartedMain] 659 - No active profile set, falling back to default profiles: default
INFO 2021-06-12 14:04:21,059 [restartedMain] 255 - Devtools property defaults active! Set 'spring.devtools.add-properties' to 'false' to disable
INFO 2021-06-12 14:04:21,060 [restartedMain] 255 - For additional web related logging consider setting the 'logging.level.web' property to 'DEBUG'
INFO 2021-06-12 14:04:21,881 [restartedMain] 132 - Bootstrapping Spring Data JPA repositories in DEFAULT mode.
INFO 2021-06-12 14:04:22,008 [restartedMain] 201 - Finished Spring Data repository scanning in 117 ms. Found 15 JPA repository interfaces.
INFO 2021-06-12 14:04:22,663 [restartedMain] 108 - Tomcat initialized with port(s): 8080 (http)
INFO 2021-06-12 14:04:22,673 [restartedMain] 173 - Initializing ProtocolHandler ["http-nio-8080"]
INFO 2021-06-12 14:04:22,673 [restartedMain] 173 - Starting service [Tomcat]
INFO 2021-06-12 14:04:22,674 [restartedMain] 173 - Starting Servlet engine: [Apache Tomcat/9.0.46]
INFO 2021-06-12 14:04:22,749 [restartedMain] 173 - Initializing Spring embedded WebApplicationContext
INFO 2021-06-12 14:04:22,749 [restartedMain] 290 - Root WebApplicationContext: initialization completed in 1688 ms
INFO 2021-06-12 14:04:22,857 [restartedMain] 110 - HikariPool-1 - Starting...
INFO 2021-06-12 14:04:23,022 [restartedMain] 123 - HikariPool-1 - Start completed.
INFO 2021-06-12 14:04:23,160 [restartedMain] 31 - HHH000204: Processing PersistenceUnitInfo [name: default]
INFO 2021-06-12 14:04:23,246 [restartedMain] 44 - HHH000412: Hibernate ORM core version 5.4.32.Final
INFO 2021-06-12 14:04:23,369 [restartedMain] 56 - HCANN000001: Hibernate Commons Annotations {5.1.2.Final}
INFO 2021-06-12 14:04:23,513 [restartedMain] 175 - HHH000400: Using dialect: org.hibernate.dialect.MySQL57Dialect
INFO 2021-06-12 14:04:24,438 [restartedMain] 52 - HHH000490: Using JtaPlatform implementation: [org.hibernate.engine.transaction.jta.platform.internal.NoJtaPlatform]
INFO 2021-06-12 14:04:24,446 [restartedMain] 437 - Initialized JPA EntityManagerFactory for persistence unit 'default'
WARN 2021-06-12 14:04:25,273 [restartedMain] 219 - spring.jpa.open-in-view is enabled by default. Therefore, database queries may be performed during view rendering. Explicitly configure spring.jpa.open-in-view to disable this warning
INFO 2021-06-12 14:04:25,693 [restartedMain] 58 - LiveReload server is running on port 35729
INFO 2021-06-12 14:04:25,715 [restartedMain] 173 - Starting ProtocolHandler ["http-nio-8080"]
INFO 2021-06-12 14:04:25,729 [restartedMain] 220 - Tomcat started on port(s): 8080 (http) with context path ''
INFO 2021-06-12 14:04:25,740 [restartedMain] 61 - Started PaymentApplication in 5.222 seconds (JVM running for 6.212)
INFO 2021-06-12 14:04:35,445 [http-nio-8080-exec-1] 173 - Initializing Spring DispatcherServlet 'dispatcherServlet'
INFO 2021-06-12 14:04:35,446 [http-nio-8080-exec-1] 525 - Initializing Servlet 'dispatcherServlet'
INFO 2021-06-12 14:04:35,448 [http-nio-8080-exec-1] 547 - Completed initialization in 2 ms
INFO 2021-06-12 14:04:35,486 [http-nio-8080-exec-1] 101 - Input dATA :: {merchantId=[620476732591], encryptedData=[3ar9SwArUDU7NeyurV352U8xyyGlfzuD8LAihr8azV4vWPx3WqpaBVll7kUBHeMSQAwMXqm8bup3sPHfCsb559wmC6GK06WSiU8R7a%2BjqArwZkLNBF%2BqenlZQdr17NL0tQCf8sCVBO65QZtcNQ%2Fid85aMs7nk1vftdydK0hoPGyKbrBzUWGj7Sa1FMVkgiLh%2Fu27X6UehWOWQEbE2DdJms8Mueol6Xo3gyxbELFcaBei8yQIqVuGKyUAquTbh0hXyB9bON4Kck0%2FkL9xuoOrFxf81NOU%2FWpVPawyOoOVaqMMzql59sl8%2F3VbjeS%2BJPE2z7KStTJK5C4PJI4Afw80kRExT%2FujBCcuzl%2Fm9r1t1cFSDUwRda4B5%2FnmlxXN00jexhh2cKKZWOjhbZLReWTt0%2FmF%2Bfl0RletjLCj37EV1sM%3D]}
INFO 2021-06-12 14:04:35,486 [http-nio-8080-exec-1] 576 - Input merchantId :: 3ar9SwArUDU7NeyurV352U8xyyGlfzuD8LAihr8azV4vWPx3WqpaBVll7kUBHeMSQAwMXqm8bup3sPHfCsb559wmC6GK06WSiU8R7a%2BjqArwZkLNBF%2BqenlZQdr17NL0tQCf8sCVBO65QZtcNQ%2Fid85aMs7nk1vftdydK0hoPGyKbrBzUWGj7Sa1FMVkgiLh%2Fu27X6UehWOWQEbE2DdJms8Mueol6Xo3gyxbELFcaBei8yQIqVuGKyUAquTbh0hXyB9bON4Kck0%2FkL9xuoOrFxf81NOU%2FWpVPawyOoOVaqMMzql59sl8%2F3VbjeS%2BJPE2z7KStTJK5C4PJI4Afw80kRExT%2FujBCcuzl%2Fm9r1t1cFSDUwRda4B5%2FnmlxXN00jexhh2cKKZWOjhbZLReWTt0%2FmF%2Bfl0RletjLCj37EV1sM%3D
INFO 2021-06-12 14:04:35,970 [http-nio-8080-exec-1] 586 - Secret Ket :: b5c4a70e268acfa9
INFO 2021-06-12 14:04:36,258 [http-nio-8080-exec-1] 592 - Decrition URL :: appId=bd7761568db64478a3ccc8b33f58096b~customerEmail=test@gmail.com~customerName=harsh~customerPhone=9599298936~orderAmount=1000~orderCurrency=INR~orderId=9999000045~orderNote=Test~paymentCode=4010~paymentOption=wallet~returnUrl=http://localhost:8080/testConsume~signature=dbNuIVa4dXrhrA1mrb0dwRG5MelgvkeAEX3THXvXPJY
INFO 2021-06-12 14:04:36,260 [http-nio-8080-exec-1] 44 - [appId, customerEmail, customerName, customerPhone, orderAmount, orderCurrency, orderId, orderNote, paymentCode, paymentOption, returnUrl, signature]
INFO 2021-06-12 14:04:36,261 [http-nio-8080-exec-1] 69 - keys :: customerName
INFO 2021-06-12 14:04:36,261 [http-nio-8080-exec-1] 69 - keys :: customerPhone
INFO 2021-06-12 14:04:36,262 [http-nio-8080-exec-1] 69 - keys :: customerEmail
INFO 2021-06-12 14:04:36,262 [http-nio-8080-exec-1] 69 - keys :: paymentOption
INFO 2021-06-12 14:04:36,262 [http-nio-8080-exec-1] 69 - keys :: signature
INFO 2021-06-12 14:04:36,262 [http-nio-8080-exec-1] 69 - keys :: orderAmount
INFO 2021-06-12 14:04:36,262 [http-nio-8080-exec-1] 69 - keys :: paymentCode
INFO 2021-06-12 14:04:36,262 [http-nio-8080-exec-1] 122 - Before Merchant Selection
INFO 2021-06-12 14:04:36,601 [http-nio-8080-exec-1] 245 - Merchant Detals :: {"created":1623433361527,"updated":1623433362145,"id":1,"merchantID":"620476732591","appID":"OypPmHUCvmP3fPUmDgppOTBmVe6jkVEV0AA3AbsdYlHRbxjpNWOZyysBaSWqkibP","uuid":"1fc708dd-2ff9-4661-afb1-e96c0afd588f","secretId":"R6xwDeUq+Z1U/tw+gbJrOqTzQPujDZFIU1tMUIGGw9eYyBxhTbFFjgOgPwpuAGEIkM18AKOZcMjq3Aqa9LWzS//LGie9lsMLoNrY8F+VGko=","merchantEMail":"sanjoycomm2004@gmail.com","password":"p8BD3+iz0fB2d95dO+u77A==","initialPwdChange":"Y","userStatus":"ACTIVE","phoneNumber":"8989898995","merchantName":"Hathway","kycStatus":"ACTIVE","createdBy":"3ac05537-c09b-409b-adf8-f91476bc1788","saltKey":"7F598785B49A8E5C","tr_mail_flag":"Y","createdAt":1623486876599,"updatedAt":1623433362145}
INFO 2021-06-12 14:04:36,602 [http-nio-8080-exec-1] 125 - After Merchant Selection
INFO 2021-06-12 14:04:36,613 [http-nio-8080-exec-1] 259 - Merchant Detals :: {"created":1622656730073,"updated":1623483826506,"id":10,"merchantID":"620476732591","service":"WALLET","pgID":"3","status":"ACTIVE","createdAt":1623486876612,"updatedAt":1623483826506}
INFO 2021-06-12 14:04:36,613 [http-nio-8080-exec-1] 129 - pgID :: 3
INFO 2021-06-12 14:04:36,613 [http-nio-8080-exec-1] 131 - Checking thee merchant and PG status and Service status.
INFO 2021-06-12 14:04:36,624 [http-nio-8080-exec-1] 273 - Merchant Detals :: {"created":1622882007723,"updated":1622882008443,"id":3,"merchantID":"620476732591","merchantPGNme":"LETZPAY","merchantPGAppId":"3921510524131338","merchantPGSecret":"VqPuEhleBSMv7VnR4ErPJAr3JbaHBRUnRlcrqwt6OOc=","merchantPGSaltKey":"0191a0a608c04f12","status":"ACTIVE","reason":null,"createdAt":1623486876623,"updatedAt":1622882008443}
INFO 2021-06-12 14:04:36,627 [http-nio-8080-exec-1] 144 - merchantPGDetails :: {"created":1623486876623,"updated":1622882008443,"id":3,"merchantID":"620476732591","merchantPGNme":"LETZPAY","merchantPGAppId":"3921510524131338","merchantPGSecret":"VqPuEhleBSMv7VnR4ErPJAr3JbaHBRUnRlcrqwt6OOc=","merchantPGSaltKey":"0191a0a608c04f12","status":"ACTIVE","reason":null,"createdAt":1623486876627,"updatedAt":1622882008443}
INFO 2021-06-12 14:04:36,913 [http-nio-8080-exec-1] 81 - Input formData :: {appId=[bd7761568db64478a3ccc8b33f58096b], customerEmail=[test@gmail.com], customerName=[harsh], customerPhone=[9599298936], orderAmount=[1000], orderCurrency=[INR], orderId=[9999000045], orderNote=[Test], paymentCode=[4010], paymentOption=[wallet], returnUrl=[http://localhost:8080/testConsume], signature=[dbNuIVa4dXrhrA1mrb0dwRG5MelgvkeAEX3THXvXPJY]}
INFO 2021-06-12 14:04:36,914 [http-nio-8080-exec-1] 88 - Parameter :: {customerPhone=9599298936, orderAmount=1000, paymentCode=4010, orderCurrency=INR, orderId=9999000045, orderNote=Test, appId=bd7761568db64478a3ccc8b33f58096b, customerEmail=test@gmail.com, paymentOption=wallet, returnUrl=http://localhost:8080/testConsume, customerName=harsh}
INFO 2021-06-12 14:04:36,916 [http-nio-8080-exec-1] 91 - Signature :: dbNuIVa4dXrhrA1mrb0dwRG5MelgvkeAEX3THXvXPJY
INFO 2021-06-12 14:04:36,916 [http-nio-8080-exec-1] 101 - signeddata :: dbNuIVa4dXrhrA1mrb0dwRG5MelgvkeAEX3THXvXPJY
INFO 2021-06-12 14:04:36,918 [http-nio-8080-exec-1] 285 - Inside UserDetails()
INFO 2021-06-12 14:04:36,923 [http-nio-8080-exec-1] 358 - Before Transaction
ERROR 2021-06-12 14:04:37,092 [http-nio-8080-exec-1] 1136 - [THYMELEAF][http-nio-8080-exec-1] Exception processing template "collectPayment": Error resolving template [collectPayment], template might not exist or might not be accessible by any of the configured Template Resolvers
org.thymeleaf.exceptions.TemplateInputException: Error resolving template [collectPayment], template might not exist or might not be accessible by any of the configured Template Resolvers
	at org.thymeleaf.engine.TemplateManager.resolveTemplate(TemplateManager.java:869)
	at org.thymeleaf.engine.TemplateManager.parseAndProcess(TemplateManager.java:607)
	at org.thymeleaf.TemplateEngine.process(TemplateEngine.java:1098)
	at org.thymeleaf.TemplateEngine.process(TemplateEngine.java:1072)
	at org.thymeleaf.spring5.view.ThymeleafView.renderFragment(ThymeleafView.java:366)
	at org.thymeleaf.spring5.view.ThymeleafView.render(ThymeleafView.java:190)
	at org.springframework.web.servlet.DispatcherServlet.render(DispatcherServlet.java:1396)
	at org.springframework.web.servlet.DispatcherServlet.processDispatchResult(DispatcherServlet.java:1141)
	at org.springframework.web.servlet.DispatcherServlet.doDispatch(DispatcherServlet.java:1080)
	at org.springframework.web.servlet.DispatcherServlet.doService(DispatcherServlet.java:963)
	at org.springframework.web.servlet.FrameworkServlet.processRequest(FrameworkServlet.java:1006)
	at org.springframework.web.servlet.FrameworkServlet.doPost(FrameworkServlet.java:909)
	at javax.servlet.http.HttpServlet.service(HttpServlet.java:652)
	at org.springframework.web.servlet.FrameworkServlet.service(FrameworkServlet.java:883)
	at javax.servlet.http.HttpServlet.service(HttpServlet.java:733)
	at org.apache.catalina.core.ApplicationFilterChain.internalDoFilter(ApplicationFilterChain.java:227)
	at org.apache.catalina.core.ApplicationFilterChain.doFilter(ApplicationFilterChain.java:162)
	at org.apache.tomcat.websocket.server.WsFilter.doFilter(WsFilter.java:53)
	at org.apache.catalina.core.ApplicationFilterChain.internalDoFilter(ApplicationFilterChain.java:189)
	at org.apache.catalina.core.ApplicationFilterChain.doFilter(ApplicationFilterChain.java:162)
	at com.asktech.payment.config.CORSFilter.doFilter(CORSFilter.java:27)
	at org.apache.catalina.core.ApplicationFilterChain.internalDoFilter(ApplicationFilterChain.java:189)
	at org.apache.catalina.core.ApplicationFilterChain.doFilter(ApplicationFilterChain.java:162)
	at org.springframework.web.filter.RequestContextFilter.doFilterInternal(RequestContextFilter.java:100)
	at org.springframework.web.filter.OncePerRequestFilter.doFilter(OncePerRequestFilter.java:119)
	at org.apache.catalina.core.ApplicationFilterChain.internalDoFilter(ApplicationFilterChain.java:189)
	at org.apache.catalina.core.ApplicationFilterChain.doFilter(ApplicationFilterChain.java:162)
	at org.springframework.web.filter.FormContentFilter.doFilterInternal(FormContentFilter.java:93)
	at org.springframework.web.filter.OncePerRequestFilter.doFilter(OncePerRequestFilter.java:119)
	at org.apache.catalina.core.ApplicationFilterChain.internalDoFilter(ApplicationFilterChain.java:189)
	at org.apache.catalina.core.ApplicationFilterChain.doFilter(ApplicationFilterChain.java:162)
	at org.springframework.web.filter.CharacterEncodingFilter.doFilterInternal(CharacterEncodingFilter.java:201)
	at org.springframework.web.filter.OncePerRequestFilter.doFilter(OncePerRequestFilter.java:119)
	at org.apache.catalina.core.ApplicationFilterChain.internalDoFilter(ApplicationFilterChain.java:189)
	at org.apache.catalina.core.ApplicationFilterChain.doFilter(ApplicationFilterChain.java:162)
	at org.apache.catalina.core.StandardWrapperValve.invoke(StandardWrapperValve.java:202)
	at org.apache.catalina.core.StandardContextValve.invoke(StandardContextValve.java:97)
	at org.apache.catalina.authenticator.AuthenticatorBase.invoke(AuthenticatorBase.java:542)
	at org.apache.catalina.core.StandardHostValve.invoke(StandardHostValve.java:143)
	at org.apache.catalina.valves.ErrorReportValve.invoke(ErrorReportValve.java:92)
	at org.apache.catalina.core.StandardEngineValve.invoke(StandardEngineValve.java:78)
	at org.apache.catalina.connector.CoyoteAdapter.service(CoyoteAdapter.java:357)
	at org.apache.coyote.http11.Http11Processor.service(Http11Processor.java:374)
	at org.apache.coyote.AbstractProcessorLight.process(AbstractProcessorLight.java:65)
	at org.apache.coyote.AbstractProtocol$ConnectionHandler.process(AbstractProtocol.java:893)
	at org.apache.tomcat.util.net.NioEndpoint$SocketProcessor.doRun(NioEndpoint.java:1707)
	at org.apache.tomcat.util.net.SocketProcessorBase.run(SocketProcessorBase.java:49)
	at java.base/java.util.concurrent.ThreadPoolExecutor.runWorker(ThreadPoolExecutor.java:1130)
	at java.base/java.util.concurrent.ThreadPoolExecutor$Worker.run(ThreadPoolExecutor.java:630)
	at org.apache.tomcat.util.threads.TaskThread$WrappingRunnable.run(TaskThread.java:61)
	at java.base/java.lang.Thread.run(Thread.java:832)
ERROR 2021-06-12 14:04:37,094 [http-nio-8080-exec-1] 175 - Servlet.service() for servlet [dispatcherServlet] in context with path [] threw exception [Request processing failed; nested exception is org.thymeleaf.exceptions.TemplateInputException: Error resolving template [collectPayment], template might not exist or might not be accessible by any of the configured Template Resolvers] with root cause
org.thymeleaf.exceptions.TemplateInputException: Error resolving template [collectPayment], template might not exist or might not be accessible by any of the configured Template Resolvers
	at org.thymeleaf.engine.TemplateManager.resolveTemplate(TemplateManager.java:869)
	at org.thymeleaf.engine.TemplateManager.parseAndProcess(TemplateManager.java:607)
	at org.thymeleaf.TemplateEngine.process(TemplateEngine.java:1098)
	at org.thymeleaf.TemplateEngine.process(TemplateEngine.java:1072)
	at org.thymeleaf.spring5.view.ThymeleafView.renderFragment(ThymeleafView.java:366)
	at org.thymeleaf.spring5.view.ThymeleafView.render(ThymeleafView.java:190)
	at org.springframework.web.servlet.DispatcherServlet.render(DispatcherServlet.java:1396)
	at org.springframework.web.servlet.DispatcherServlet.processDispatchResult(DispatcherServlet.java:1141)
	at org.springframework.web.servlet.DispatcherServlet.doDispatch(DispatcherServlet.java:1080)
	at org.springframework.web.servlet.DispatcherServlet.doService(DispatcherServlet.java:963)
	at org.springframework.web.servlet.FrameworkServlet.processRequest(FrameworkServlet.java:1006)
	at org.springframework.web.servlet.FrameworkServlet.doPost(FrameworkServlet.java:909)
	at javax.servlet.http.HttpServlet.service(HttpServlet.java:652)
	at org.springframework.web.servlet.FrameworkServlet.service(FrameworkServlet.java:883)
	at javax.servlet.http.HttpServlet.service(HttpServlet.java:733)
	at org.apache.catalina.core.ApplicationFilterChain.internalDoFilter(ApplicationFilterChain.java:227)
	at org.apache.catalina.core.ApplicationFilterChain.doFilter(ApplicationFilterChain.java:162)
	at org.apache.tomcat.websocket.server.WsFilter.doFilter(WsFilter.java:53)
	at org.apache.catalina.core.ApplicationFilterChain.internalDoFilter(ApplicationFilterChain.java:189)
	at org.apache.catalina.core.ApplicationFilterChain.doFilter(ApplicationFilterChain.java:162)
	at com.asktech.payment.config.CORSFilter.doFilter(CORSFilter.java:27)
	at org.apache.catalina.core.ApplicationFilterChain.internalDoFilter(ApplicationFilterChain.java:189)
	at org.apache.catalina.core.ApplicationFilterChain.doFilter(ApplicationFilterChain.java:162)
	at org.springframework.web.filter.RequestContextFilter.doFilterInternal(RequestContextFilter.java:100)
	at org.springframework.web.filter.OncePerRequestFilter.doFilter(OncePerRequestFilter.java:119)
	at org.apache.catalina.core.ApplicationFilterChain.internalDoFilter(ApplicationFilterChain.java:189)
	at org.apache.catalina.core.ApplicationFilterChain.doFilter(ApplicationFilterChain.java:162)
	at org.springframework.web.filter.FormContentFilter.doFilterInternal(FormContentFilter.java:93)
	at org.springframework.web.filter.OncePerRequestFilter.doFilter(OncePerRequestFilter.java:119)
	at org.apache.catalina.core.ApplicationFilterChain.internalDoFilter(ApplicationFilterChain.java:189)
	at org.apache.catalina.core.ApplicationFilterChain.doFilter(ApplicationFilterChain.java:162)
	at org.springframework.web.filter.CharacterEncodingFilter.doFilterInternal(CharacterEncodingFilter.java:201)
	at org.springframework.web.filter.OncePerRequestFilter.doFilter(OncePerRequestFilter.java:119)
	at org.apache.catalina.core.ApplicationFilterChain.internalDoFilter(ApplicationFilterChain.java:189)
	at org.apache.catalina.core.ApplicationFilterChain.doFilter(ApplicationFilterChain.java:162)
	at org.apache.catalina.core.StandardWrapperValve.invoke(StandardWrapperValve.java:202)
	at org.apache.catalina.core.StandardContextValve.invoke(StandardContextValve.java:97)
	at org.apache.catalina.authenticator.AuthenticatorBase.invoke(AuthenticatorBase.java:542)
	at org.apache.catalina.core.StandardHostValve.invoke(StandardHostValve.java:143)
	at org.apache.catalina.valves.ErrorReportValve.invoke(ErrorReportValve.java:92)
	at org.apache.catalina.core.StandardEngineValve.invoke(StandardEngineValve.java:78)
	at org.apache.catalina.connector.CoyoteAdapter.service(CoyoteAdapter.java:357)
	at org.apache.coyote.http11.Http11Processor.service(Http11Processor.java:374)
	at org.apache.coyote.AbstractProcessorLight.process(AbstractProcessorLight.java:65)
	at org.apache.coyote.AbstractProtocol$ConnectionHandler.process(AbstractProtocol.java:893)
	at org.apache.tomcat.util.net.NioEndpoint$SocketProcessor.doRun(NioEndpoint.java:1707)
	at org.apache.tomcat.util.net.SocketProcessorBase.run(SocketProcessorBase.java:49)
	at java.base/java.util.concurrent.ThreadPoolExecutor.runWorker(ThreadPoolExecutor.java:1130)
	at java.base/java.util.concurrent.ThreadPoolExecutor$Worker.run(ThreadPoolExecutor.java:630)
	at org.apache.tomcat.util.threads.TaskThread$WrappingRunnable.run(TaskThread.java:61)
	at java.base/java.lang.Thread.run(Thread.java:832)
INFO 2021-06-12 14:08:44,576 [Thread-5] 651 - Closing JPA EntityManagerFactory for persistence unit 'default'
INFO 2021-06-12 14:08:44,579 [Thread-5] 350 - HikariPool-1 - Shutdown initiated...
INFO 2021-06-12 14:08:44,585 [Thread-5] 352 - HikariPool-1 - Shutdown completed.
INFO 2021-06-12 14:08:44,674 [restartedMain] 55 - Starting PaymentApplication using Java 15 on asktech-ThinkPad with PID 7678 (/home/asktech/AskTech/WrokSpace/payment/target/classes started by asktech in /home/asktech/AskTech/WrokSpace/payment)
INFO 2021-06-12 14:08:44,675 [restartedMain] 659 - No active profile set, falling back to default profiles: default
INFO 2021-06-12 14:08:44,865 [restartedMain] 132 - Bootstrapping Spring Data JPA repositories in DEFAULT mode.
INFO 2021-06-12 14:08:44,912 [restartedMain] 201 - Finished Spring Data repository scanning in 46 ms. Found 15 JPA repository interfaces.
INFO 2021-06-12 14:08:45,106 [restartedMain] 108 - Tomcat initialized with port(s): 8080 (http)
INFO 2021-06-12 14:08:45,107 [restartedMain] 173 - Initializing ProtocolHandler ["http-nio-8080"]
INFO 2021-06-12 14:08:45,108 [restartedMain] 173 - Starting service [Tomcat]
INFO 2021-06-12 14:08:45,108 [restartedMain] 173 - Starting Servlet engine: [Apache Tomcat/9.0.46]
INFO 2021-06-12 14:08:45,117 [restartedMain] 173 - Initializing Spring embedded WebApplicationContext
INFO 2021-06-12 14:08:45,117 [restartedMain] 290 - Root WebApplicationContext: initialization completed in 440 ms
INFO 2021-06-12 14:08:45,153 [restartedMain] 110 - HikariPool-2 - Starting...
INFO 2021-06-12 14:08:45,157 [restartedMain] 123 - HikariPool-2 - Start completed.
INFO 2021-06-12 14:08:45,174 [restartedMain] 31 - HHH000204: Processing PersistenceUnitInfo [name: default]
INFO 2021-06-12 14:08:45,178 [restartedMain] 175 - HHH000400: Using dialect: org.hibernate.dialect.MySQL57Dialect
INFO 2021-06-12 14:08:45,487 [restartedMain] 52 - HHH000490: Using JtaPlatform implementation: [org.hibernate.engine.transaction.jta.platform.internal.NoJtaPlatform]
INFO 2021-06-12 14:08:45,488 [restartedMain] 437 - Initialized JPA EntityManagerFactory for persistence unit 'default'
WARN 2021-06-12 14:08:45,932 [restartedMain] 219 - spring.jpa.open-in-view is enabled by default. Therefore, database queries may be performed during view rendering. Explicitly configure spring.jpa.open-in-view to disable this warning
INFO 2021-06-12 14:08:46,105 [restartedMain] 58 - LiveReload server is running on port 35729
INFO 2021-06-12 14:08:46,117 [restartedMain] 173 - Starting ProtocolHandler ["http-nio-8080"]
INFO 2021-06-12 14:08:46,119 [restartedMain] 220 - Tomcat started on port(s): 8080 (http) with context path ''
INFO 2021-06-12 14:08:46,125 [restartedMain] 61 - Started PaymentApplication in 1.485 seconds (JVM running for 266.597)
INFO 2021-06-12 14:08:46,127 [restartedMain] 63 - Condition evaluation unchanged
INFO 2021-06-12 14:09:00,366 [http-nio-8080-exec-1] 173 - Initializing Spring DispatcherServlet 'dispatcherServlet'
INFO 2021-06-12 14:09:00,367 [http-nio-8080-exec-1] 525 - Initializing Servlet 'dispatcherServlet'
INFO 2021-06-12 14:09:00,368 [http-nio-8080-exec-1] 547 - Completed initialization in 1 ms
INFO 2021-06-12 14:09:00,372 [http-nio-8080-exec-1] 101 - Input dATA :: {merchantId=[620476732591], encryptedData=[3ar9SwArUDU7NeyurV352U8xyyGlfzuD8LAihr8azV4vWPx3WqpaBVll7kUBHeMSQAwMXqm8bup3sPHfCsb559wmC6GK06WSiU8R7a%2BjqArwZkLNBF%2BqenlZQdr17NL0tQCf8sCVBO65QZtcNQ%2Fid85aMs7nk1vftdydK0hoPGyKbrBzUWGj7Sa1FMVkgiLh%2Fu27X6UehWOWQEbE2DdJms8Mueol6Xo3gyxbELFcaBei8yQIqVuGKyUAquTbh0hXyB9bON4Kck0%2FkL9xuoOrFxf81NOU%2FWpVPawyOoOVaqMMzql59sl8%2F3VbjeS%2BJPE2z7KStTJK5C4PJI4Afw80kRExT%2FujBCcuzl%2Fm9r1t1cFSDUwRda4B5%2FnmlxXN00jexhh2cKKZWOjhbZLReWTt0%2FmF%2Bfl0RletjLCj37EV1sM%3D]}
INFO 2021-06-12 14:09:00,372 [http-nio-8080-exec-1] 576 - Input merchantId :: 3ar9SwArUDU7NeyurV352U8xyyGlfzuD8LAihr8azV4vWPx3WqpaBVll7kUBHeMSQAwMXqm8bup3sPHfCsb559wmC6GK06WSiU8R7a%2BjqArwZkLNBF%2BqenlZQdr17NL0tQCf8sCVBO65QZtcNQ%2Fid85aMs7nk1vftdydK0hoPGyKbrBzUWGj7Sa1FMVkgiLh%2Fu27X6UehWOWQEbE2DdJms8Mueol6Xo3gyxbELFcaBei8yQIqVuGKyUAquTbh0hXyB9bON4Kck0%2FkL9xuoOrFxf81NOU%2FWpVPawyOoOVaqMMzql59sl8%2F3VbjeS%2BJPE2z7KStTJK5C4PJI4Afw80kRExT%2FujBCcuzl%2Fm9r1t1cFSDUwRda4B5%2FnmlxXN00jexhh2cKKZWOjhbZLReWTt0%2FmF%2Bfl0RletjLCj37EV1sM%3D
INFO 2021-06-12 14:09:00,705 [http-nio-8080-exec-1] 586 - Secret Ket :: b5c4a70e268acfa9
INFO 2021-06-12 14:09:00,992 [http-nio-8080-exec-1] 592 - Decrition URL :: appId=bd7761568db64478a3ccc8b33f58096b~customerEmail=test@gmail.com~customerName=harsh~customerPhone=9599298936~orderAmount=1000~orderCurrency=INR~orderId=9999000045~orderNote=Test~paymentCode=4010~paymentOption=wallet~returnUrl=http://localhost:8080/testConsume~signature=dbNuIVa4dXrhrA1mrb0dwRG5MelgvkeAEX3THXvXPJY
INFO 2021-06-12 14:09:00,994 [http-nio-8080-exec-1] 44 - [appId, customerEmail, customerName, customerPhone, orderAmount, orderCurrency, orderId, orderNote, paymentCode, paymentOption, returnUrl, signature]
INFO 2021-06-12 14:09:00,995 [http-nio-8080-exec-1] 69 - keys :: customerName
INFO 2021-06-12 14:09:00,995 [http-nio-8080-exec-1] 69 - keys :: customerPhone
INFO 2021-06-12 14:09:00,995 [http-nio-8080-exec-1] 69 - keys :: customerEmail
INFO 2021-06-12 14:09:00,995 [http-nio-8080-exec-1] 69 - keys :: paymentOption
INFO 2021-06-12 14:09:00,995 [http-nio-8080-exec-1] 69 - keys :: signature
INFO 2021-06-12 14:09:00,996 [http-nio-8080-exec-1] 69 - keys :: orderAmount
INFO 2021-06-12 14:09:00,996 [http-nio-8080-exec-1] 69 - keys :: paymentCode
INFO 2021-06-12 14:09:00,997 [http-nio-8080-exec-1] 122 - Before Merchant Selection
INFO 2021-06-12 14:09:01,295 [http-nio-8080-exec-1] 245 - Merchant Detals :: {"created":1623486876599,"updated":1623486876956,"id":1,"merchantID":"620476732591","appID":"OypPmHUCvmP3fPUmDgppOTBmVe6jkVEV0AA3AbsdYlHRbxjpNWOZyysBaSWqkibP","uuid":"1fc708dd-2ff9-4661-afb1-e96c0afd588f","secretId":"R6xwDeUq+Z1U/tw+gbJrOqTzQPujDZFIU1tMUIGGw9eYyBxhTbFFjgOgPwpuAGEIkM18AKOZcMjq3Aqa9LWzS//LGie9lsMLoNrY8F+VGko=","merchantEMail":"sanjoycomm2004@gmail.com","password":"p8BD3+iz0fB2d95dO+u77A==","initialPwdChange":"Y","userStatus":"ACTIVE","phoneNumber":"8989898995","merchantName":"Hathway","kycStatus":"ACTIVE","createdBy":"3ac05537-c09b-409b-adf8-f91476bc1788","saltKey":"7F598785B49A8E5C","tr_mail_flag":"Y","createdAt":1623487141294,"updatedAt":1623486876956}
INFO 2021-06-12 14:09:01,296 [http-nio-8080-exec-1] 125 - After Merchant Selection
INFO 2021-06-12 14:09:01,304 [http-nio-8080-exec-1] 259 - Merchant Detals :: {"created":1623486876612,"updated":1623486876957,"id":10,"merchantID":"620476732591","service":"WALLET","pgID":"3","status":"ACTIVE","createdAt":1623487141303,"updatedAt":1623486876957}
INFO 2021-06-12 14:09:01,304 [http-nio-8080-exec-1] 129 - pgID :: 3
INFO 2021-06-12 14:09:01,305 [http-nio-8080-exec-1] 131 - Checking thee merchant and PG status and Service status.
INFO 2021-06-12 14:09:01,317 [http-nio-8080-exec-1] 273 - Merchant Detals :: {"created":1623486876627,"updated":1623486876958,"id":3,"merchantID":"620476732591","merchantPGNme":"LETZPAY","merchantPGAppId":"3921510524131338","merchantPGSecret":"VqPuEhleBSMv7VnR4ErPJAr3JbaHBRUnRlcrqwt6OOc=","merchantPGSaltKey":"0191a0a608c04f12","status":"ACTIVE","reason":null,"createdAt":1623487141316,"updatedAt":1623486876958}
INFO 2021-06-12 14:09:01,319 [http-nio-8080-exec-1] 144 - merchantPGDetails :: {"created":1623487141316,"updated":1623486876958,"id":3,"merchantID":"620476732591","merchantPGNme":"LETZPAY","merchantPGAppId":"3921510524131338","merchantPGSecret":"VqPuEhleBSMv7VnR4ErPJAr3JbaHBRUnRlcrqwt6OOc=","merchantPGSaltKey":"0191a0a608c04f12","status":"ACTIVE","reason":null,"createdAt":1623487141319,"updatedAt":1623486876958}
INFO 2021-06-12 14:09:01,621 [http-nio-8080-exec-1] 81 - Input formData :: {appId=[bd7761568db64478a3ccc8b33f58096b], customerEmail=[test@gmail.com], customerName=[harsh], customerPhone=[9599298936], orderAmount=[1000], orderCurrency=[INR], orderId=[9999000045], orderNote=[Test], paymentCode=[4010], paymentOption=[wallet], returnUrl=[http://localhost:8080/testConsume], signature=[dbNuIVa4dXrhrA1mrb0dwRG5MelgvkeAEX3THXvXPJY]}
INFO 2021-06-12 14:09:01,622 [http-nio-8080-exec-1] 88 - Parameter :: {customerPhone=9599298936, orderAmount=1000, paymentCode=4010, orderCurrency=INR, orderId=9999000045, orderNote=Test, appId=bd7761568db64478a3ccc8b33f58096b, customerEmail=test@gmail.com, paymentOption=wallet, returnUrl=http://localhost:8080/testConsume, customerName=harsh}
INFO 2021-06-12 14:09:01,623 [http-nio-8080-exec-1] 91 - Signature :: dbNuIVa4dXrhrA1mrb0dwRG5MelgvkeAEX3THXvXPJY
INFO 2021-06-12 14:09:01,623 [http-nio-8080-exec-1] 101 - signeddata :: dbNuIVa4dXrhrA1mrb0dwRG5MelgvkeAEX3THXvXPJY
INFO 2021-06-12 14:09:01,625 [http-nio-8080-exec-1] 182 - Inside Letzpay processor ...
INFO 2021-06-12 14:09:01,625 [http-nio-8080-exec-1] 52 - Inside processLetzPayRequest()
INFO 2021-06-12 14:09:01,625 [http-nio-8080-exec-1] 83 - Inside processCashFreeRequest() into UP process
INFO 2021-06-12 14:09:01,626 [http-nio-8080-exec-1] 169 - Inside setWalletDetailsCashFree()123
INFO 2021-06-12 14:09:01,626 [http-nio-8080-exec-1] 181 - Input Parameters :: {AMOUNT=1000, CURRENCY_CODE=356, CUST_EMAIL=test@gmail.com, CUST_PHONE=9599298936, ORDER_ID=16234871415294, PAY_ID=3921510524131338, RETURN_URL=http://localhost:8080/notifyurlLetsPay, MOP_TYPE=4010, CUST_NAME=harsh, PAYMENT_TYPE=WL}
INFO 2021-06-12 14:09:01,927 [http-nio-8080-exec-1] 189 - End setWalletDetailsCashFree()
INFO 2021-06-12 14:09:01,927 [http-nio-8080-exec-1] 101 - End processLetzPayRequest()
INFO 2021-06-12 14:09:01,927 [http-nio-8080-exec-1] 185 - After Model creation ...
INFO 2021-06-12 14:09:01,927 [http-nio-8080-exec-1] 285 - Inside UserDetails()
INFO 2021-06-12 14:09:01,932 [http-nio-8080-exec-1] 358 - Before Transaction
INFO 2021-06-12 14:29:33,971 [Thread-8] 651 - Closing JPA EntityManagerFactory for persistence unit 'default'
INFO 2021-06-12 14:29:33,973 [Thread-8] 350 - HikariPool-2 - Shutdown initiated...
INFO 2021-06-12 14:29:33,976 [Thread-8] 352 - HikariPool-2 - Shutdown completed.
INFO 2021-06-12 14:29:34,072 [restartedMain] 55 - Starting PaymentApplication using Java 15 on asktech-ThinkPad with PID 7678 (/home/asktech/AskTech/WrokSpace/payment/target/classes started by asktech in /home/asktech/AskTech/WrokSpace/payment)
INFO 2021-06-12 14:29:34,072 [restartedMain] 659 - No active profile set, falling back to default profiles: default
INFO 2021-06-12 14:29:34,222 [restartedMain] 132 - Bootstrapping Spring Data JPA repositories in DEFAULT mode.
INFO 2021-06-12 14:29:34,254 [restartedMain] 201 - Finished Spring Data repository scanning in 32 ms. Found 15 JPA repository interfaces.
INFO 2021-06-12 14:29:34,360 [restartedMain] 108 - Tomcat initialized with port(s): 8080 (http)
INFO 2021-06-12 14:29:34,361 [restartedMain] 173 - Initializing ProtocolHandler ["http-nio-8080"]
INFO 2021-06-12 14:29:34,362 [restartedMain] 173 - Starting service [Tomcat]
INFO 2021-06-12 14:29:34,362 [restartedMain] 173 - Starting Servlet engine: [Apache Tomcat/9.0.46]
INFO 2021-06-12 14:29:34,370 [restartedMain] 173 - Initializing Spring embedded WebApplicationContext
INFO 2021-06-12 14:29:34,370 [restartedMain] 290 - Root WebApplicationContext: initialization completed in 295 ms
INFO 2021-06-12 14:29:34,398 [restartedMain] 110 - HikariPool-3 - Starting...
INFO 2021-06-12 14:29:34,401 [restartedMain] 123 - HikariPool-3 - Start completed.
INFO 2021-06-12 14:29:34,415 [restartedMain] 31 - HHH000204: Processing PersistenceUnitInfo [name: default]
INFO 2021-06-12 14:29:34,419 [restartedMain] 175 - HHH000400: Using dialect: org.hibernate.dialect.MySQL57Dialect
INFO 2021-06-12 14:29:34,671 [restartedMain] 52 - HHH000490: Using JtaPlatform implementation: [org.hibernate.engine.transaction.jta.platform.internal.NoJtaPlatform]
INFO 2021-06-12 14:29:34,671 [restartedMain] 437 - Initialized JPA EntityManagerFactory for persistence unit 'default'
WARN 2021-06-12 14:29:35,095 [restartedMain] 219 - spring.jpa.open-in-view is enabled by default. Therefore, database queries may be performed during view rendering. Explicitly configure spring.jpa.open-in-view to disable this warning
INFO 2021-06-12 14:29:35,276 [restartedMain] 58 - LiveReload server is running on port 35729
INFO 2021-06-12 14:29:35,287 [restartedMain] 173 - Starting ProtocolHandler ["http-nio-8080"]
INFO 2021-06-12 14:29:35,289 [restartedMain] 220 - Tomcat started on port(s): 8080 (http) with context path ''
INFO 2021-06-12 14:29:35,293 [restartedMain] 61 - Started PaymentApplication in 1.258 seconds (JVM running for 1515.766)
INFO 2021-06-12 14:29:35,295 [restartedMain] 63 - Condition evaluation unchanged
INFO 2021-06-12 14:29:48,571 [http-nio-8080-exec-1] 173 - Initializing Spring DispatcherServlet 'dispatcherServlet'
INFO 2021-06-12 14:29:48,571 [http-nio-8080-exec-1] 525 - Initializing Servlet 'dispatcherServlet'
INFO 2021-06-12 14:29:48,575 [http-nio-8080-exec-1] 547 - Completed initialization in 4 ms
INFO 2021-06-12 14:29:48,581 [http-nio-8080-exec-1] 101 - Input dATA :: {merchantId=[620476732591], encryptedData=[3ar9SwArUDU7NeyurV352U8xyyGlfzuD8LAihr8azV4vWPx3WqpaBVll7kUBHeMSQAwMXqm8bup3sPHfCsb559wmC6GK06WSiU8R7a%2BjqArwZkLNBF%2BqenlZQdr17NL0tQCf8sCVBO65QZtcNQ%2Fid85aMs7nk1vftdydK0hoPGyKbrBzUWGj7Sa1FMVkgiLh%2Fu27X6UehWOWQEbE2DdJms8Mueol6Xo3gyxbELFcaBei8yQIqVuGKyUAquTbh0hXyB9bON4Kck0%2FkL9xuoOrFxf81NOU%2FWpVPawyOoOVaqMMzql59sl8%2F3VbjeS%2BJPE2z7KStTJK5C4PJI4Afw80kRExT%2FujBCcuzl%2Fm9r1t1cFSDUwRda4B5%2FnmlxXN00jexhh2cKKZWOjhbZLReWTt0%2FmF%2Bfl0RletjLCj37EV1sM%3D]}
INFO 2021-06-12 14:29:48,582 [http-nio-8080-exec-1] 576 - Input merchantId :: 3ar9SwArUDU7NeyurV352U8xyyGlfzuD8LAihr8azV4vWPx3WqpaBVll7kUBHeMSQAwMXqm8bup3sPHfCsb559wmC6GK06WSiU8R7a%2BjqArwZkLNBF%2BqenlZQdr17NL0tQCf8sCVBO65QZtcNQ%2Fid85aMs7nk1vftdydK0hoPGyKbrBzUWGj7Sa1FMVkgiLh%2Fu27X6UehWOWQEbE2DdJms8Mueol6Xo3gyxbELFcaBei8yQIqVuGKyUAquTbh0hXyB9bON4Kck0%2FkL9xuoOrFxf81NOU%2FWpVPawyOoOVaqMMzql59sl8%2F3VbjeS%2BJPE2z7KStTJK5C4PJI4Afw80kRExT%2FujBCcuzl%2Fm9r1t1cFSDUwRda4B5%2FnmlxXN00jexhh2cKKZWOjhbZLReWTt0%2FmF%2Bfl0RletjLCj37EV1sM%3D
INFO 2021-06-12 14:29:48,898 [http-nio-8080-exec-1] 586 - Secret Ket :: b5c4a70e268acfa9
INFO 2021-06-12 14:29:49,189 [http-nio-8080-exec-1] 592 - Decrition URL :: appId=bd7761568db64478a3ccc8b33f58096b~customerEmail=test@gmail.com~customerName=harsh~customerPhone=9599298936~orderAmount=1000~orderCurrency=INR~orderId=9999000045~orderNote=Test~paymentCode=4010~paymentOption=wallet~returnUrl=http://localhost:8080/testConsume~signature=dbNuIVa4dXrhrA1mrb0dwRG5MelgvkeAEX3THXvXPJY
INFO 2021-06-12 14:29:49,191 [http-nio-8080-exec-1] 44 - [appId, customerEmail, customerName, customerPhone, orderAmount, orderCurrency, orderId, orderNote, paymentCode, paymentOption, returnUrl, signature]
INFO 2021-06-12 14:29:49,193 [http-nio-8080-exec-1] 69 - keys :: customerName
INFO 2021-06-12 14:29:49,193 [http-nio-8080-exec-1] 69 - keys :: customerPhone
INFO 2021-06-12 14:29:49,193 [http-nio-8080-exec-1] 69 - keys :: customerEmail
INFO 2021-06-12 14:29:49,193 [http-nio-8080-exec-1] 69 - keys :: paymentOption
INFO 2021-06-12 14:29:49,194 [http-nio-8080-exec-1] 69 - keys :: signature
INFO 2021-06-12 14:29:49,194 [http-nio-8080-exec-1] 69 - keys :: orderAmount
INFO 2021-06-12 14:29:49,194 [http-nio-8080-exec-1] 69 - keys :: paymentCode
INFO 2021-06-12 14:29:49,194 [http-nio-8080-exec-1] 122 - Before Merchant Selection
INFO 2021-06-12 14:29:49,485 [http-nio-8080-exec-1] 245 - Merchant Detals :: {"created":1623487141294,"updated":1623487141920,"id":1,"merchantID":"620476732591","appID":"OypPmHUCvmP3fPUmDgppOTBmVe6jkVEV0AA3AbsdYlHRbxjpNWOZyysBaSWqkibP","uuid":"1fc708dd-2ff9-4661-afb1-e96c0afd588f","secretId":"R6xwDeUq+Z1U/tw+gbJrOqTzQPujDZFIU1tMUIGGw9eYyBxhTbFFjgOgPwpuAGEIkM18AKOZcMjq3Aqa9LWzS//LGie9lsMLoNrY8F+VGko=","merchantEMail":"sanjoycomm2004@gmail.com","password":"p8BD3+iz0fB2d95dO+u77A==","initialPwdChange":"Y","userStatus":"ACTIVE","phoneNumber":"8989898995","merchantName":"Hathway","kycStatus":"ACTIVE","createdBy":"3ac05537-c09b-409b-adf8-f91476bc1788","saltKey":"7F598785B49A8E5C","tr_mail_flag":"Y","createdAt":1623488389485,"updatedAt":1623487141920}
INFO 2021-06-12 14:29:49,485 [http-nio-8080-exec-1] 125 - After Merchant Selection
INFO 2021-06-12 14:29:49,492 [http-nio-8080-exec-1] 259 - Merchant Detals :: {"created":1623487141303,"updated":1623487141920,"id":10,"merchantID":"620476732591","service":"WALLET","pgID":"3","status":"ACTIVE","createdAt":1623488389491,"updatedAt":1623487141920}
INFO 2021-06-12 14:29:49,492 [http-nio-8080-exec-1] 129 - pgID :: 3
INFO 2021-06-12 14:29:49,492 [http-nio-8080-exec-1] 131 - Checking thee merchant and PG status and Service status.
INFO 2021-06-12 14:29:49,503 [http-nio-8080-exec-1] 273 - Merchant Detals :: {"created":1623487141319,"updated":1623487141921,"id":3,"merchantID":"620476732591","merchantPGNme":"LETZPAY","merchantPGAppId":"3921510524131338","merchantPGSecret":"VqPuEhleBSMv7VnR4ErPJAr3JbaHBRUnRlcrqwt6OOc=","merchantPGSaltKey":"0191a0a608c04f12","status":"ACTIVE","reason":null,"createdAt":1623488389503,"updatedAt":1623487141921}
INFO 2021-06-12 14:29:49,505 [http-nio-8080-exec-1] 144 - merchantPGDetails :: {"created":1623488389503,"updated":1623487141921,"id":3,"merchantID":"620476732591","merchantPGNme":"LETZPAY","merchantPGAppId":"3921510524131338","merchantPGSecret":"VqPuEhleBSMv7VnR4ErPJAr3JbaHBRUnRlcrqwt6OOc=","merchantPGSaltKey":"0191a0a608c04f12","status":"ACTIVE","reason":null,"createdAt":1623488389505,"updatedAt":1623487141921}
INFO 2021-06-12 14:29:49,800 [http-nio-8080-exec-1] 81 - Input formData :: {appId=[bd7761568db64478a3ccc8b33f58096b], customerEmail=[test@gmail.com], customerName=[harsh], customerPhone=[9599298936], orderAmount=[1000], orderCurrency=[INR], orderId=[9999000045], orderNote=[Test], paymentCode=[4010], paymentOption=[wallet], returnUrl=[http://localhost:8080/testConsume], signature=[dbNuIVa4dXrhrA1mrb0dwRG5MelgvkeAEX3THXvXPJY]}
INFO 2021-06-12 14:29:49,801 [http-nio-8080-exec-1] 88 - Parameter :: {customerPhone=9599298936, orderAmount=1000, paymentCode=4010, orderCurrency=INR, orderId=9999000045, orderNote=Test, appId=bd7761568db64478a3ccc8b33f58096b, customerEmail=test@gmail.com, paymentOption=wallet, returnUrl=http://localhost:8080/testConsume, customerName=harsh}
INFO 2021-06-12 14:29:49,802 [http-nio-8080-exec-1] 91 - Signature :: dbNuIVa4dXrhrA1mrb0dwRG5MelgvkeAEX3THXvXPJY
INFO 2021-06-12 14:29:49,802 [http-nio-8080-exec-1] 101 - signeddata :: dbNuIVa4dXrhrA1mrb0dwRG5MelgvkeAEX3THXvXPJY
INFO 2021-06-12 14:29:49,804 [http-nio-8080-exec-1] 182 - Inside Letzpay processor ...
INFO 2021-06-12 14:29:49,804 [http-nio-8080-exec-1] 52 - Inside processLetzPayRequest()
INFO 2021-06-12 14:29:49,804 [http-nio-8080-exec-1] 83 - Inside processCashFreeRequest() into UP process
INFO 2021-06-12 14:29:49,804 [http-nio-8080-exec-1] 170 - Inside setWalletDetailsCashFree()123
INFO 2021-06-12 14:29:49,805 [http-nio-8080-exec-1] 182 - Input Parameters :: {AMOUNT=1000, CURRENCY_CODE=356, CUST_EMAIL=test@gmail.com, CUST_PHONE=9599298936, ORDER_ID=16234883891662, PAY_ID=3921510524131338, RETURN_URL=http://localhost:8080/notifyurlLetsPay, MOP_TYPE=4010, CUST_NAME=harsh, PAYMENT_TYPE=WL}
INFO 2021-06-12 14:29:50,092 [http-nio-8080-exec-1] 185 - enCryption :: ITeHtlK0qlql/9AlON0u8uVxBW+vZU9M6PMEaOCo/LM+IbnIGO4GZ5nGk59AFiCbEKerfScv+dcpbRBm/Cop1nGDaY+X4laseX7Dy/Lg1Gexr765l9mJJyA5fVCYTaKJbfp/B27qlsrJaBl/CRs3YY+vS7dAftUs8Tq1oWP/1qmvOSGyhoFIep9+KoZBYj7QRJGzfG96+v2YiY7p/y52Q0q1IhT+6/6hWpbS+AzNttH01DihLCeVy9JcSW2K92tfzR8Gt69wIkzcNm34Z0x/8RSgaoW3BQuXkYiEoRy1mjfyEppkiAF+ZXwEUwZ35O++bGyduIQwboE2h4nsYahS2MWewW05uIqTliIfAIVeahI/Jb4hLur69DO7VrwqiK5R7VsWU673Rd2ov9oUqjGsxw
INFO 2021-06-12 14:29:50,105 [http-nio-8080-exec-1] 191 - End setWalletDetailsCashFree()
INFO 2021-06-12 14:29:50,105 [http-nio-8080-exec-1] 102 - End processLetzPayRequest()
INFO 2021-06-12 14:29:50,105 [http-nio-8080-exec-1] 185 - After Model creation ...
INFO 2021-06-12 14:29:50,106 [http-nio-8080-exec-1] 285 - Inside UserDetails()
INFO 2021-06-12 14:29:50,111 [http-nio-8080-exec-1] 358 - Before Transaction
INFO 2021-06-12 14:31:51,760 [http-nio-8080-exec-3] 101 - Input dATA :: {merchantId=[620476732591], encryptedData=[3ar9SwArUDU7NeyurV352U8xyyGlfzuD8LAihr8azV4vWPx3WqpaBVll7kUBHeMSQAwMXqm8bup3sPHfCsb559wmC6GK06WSiU8R7a%2BjqArwZkLNBF%2BqenlZQdr17NL0tQCf8sCVBO65QZtcNQ%2Fid85aMs7nk1vftdydK0hoPGyKbrBzUWGj7Sa1FMVkgiLh%2Fu27X6UehWOWQEbE2DdJms8Mueol6Xo3gyxbELFcaBei8yQIqVuGKyUAquTbh0hXllbJEPNO6DHNDhe9%2BrJ1BTuNdmI%2Ft7N4nl17MSLj3xCFu9PYRKrdxUGMbTGAkt46EXdahRZYfOtXZQpJ7l%2Bp7HVvOWf0UUXCyo6dK79pH75Lj%2FYLbUxKN4lTVQVR1ca4vBZZawpm2zsCTW8o8N9IN079bJfSnu7VcOBirGw0WCA%3D]}
INFO 2021-06-12 14:31:51,761 [http-nio-8080-exec-3] 576 - Input merchantId :: 3ar9SwArUDU7NeyurV352U8xyyGlfzuD8LAihr8azV4vWPx3WqpaBVll7kUBHeMSQAwMXqm8bup3sPHfCsb559wmC6GK06WSiU8R7a%2BjqArwZkLNBF%2BqenlZQdr17NL0tQCf8sCVBO65QZtcNQ%2Fid85aMs7nk1vftdydK0hoPGyKbrBzUWGj7Sa1FMVkgiLh%2Fu27X6UehWOWQEbE2DdJms8Mueol6Xo3gyxbELFcaBei8yQIqVuGKyUAquTbh0hXllbJEPNO6DHNDhe9%2BrJ1BTuNdmI%2Ft7N4nl17MSLj3xCFu9PYRKrdxUGMbTGAkt46EXdahRZYfOtXZQpJ7l%2Bp7HVvOWf0UUXCyo6dK79pH75Lj%2FYLbUxKN4lTVQVR1ca4vBZZawpm2zsCTW8o8N9IN079bJfSnu7VcOBirGw0WCA%3D
INFO 2021-06-12 14:31:52,103 [http-nio-8080-exec-3] 586 - Secret Ket :: b5c4a70e268acfa9
INFO 2021-06-12 14:31:52,387 [http-nio-8080-exec-3] 592 - Decrition URL :: appId=bd7761568db64478a3ccc8b33f58096b~customerEmail=test@gmail.com~customerName=harsh~customerPhone=9599298936~orderAmount=1000~orderCurrency=INR~orderId=9999000045~orderNote=Test~paymentCode=APWL~paymentOption=wallet~returnUrl=http://localhost:8080/testConsume~signature=IuqYfHt+mpfRBTNBHsVg78TsWYXWaIq9Zyn5NuuJH/o
INFO 2021-06-12 14:31:52,388 [http-nio-8080-exec-3] 44 - [appId, customerEmail, customerName, customerPhone, orderAmount, orderCurrency, orderId, orderNote, paymentCode, paymentOption, returnUrl, signature]
INFO 2021-06-12 14:31:52,388 [http-nio-8080-exec-3] 69 - keys :: customerName
INFO 2021-06-12 14:31:52,388 [http-nio-8080-exec-3] 69 - keys :: customerPhone
INFO 2021-06-12 14:31:52,388 [http-nio-8080-exec-3] 69 - keys :: customerEmail
INFO 2021-06-12 14:31:52,388 [http-nio-8080-exec-3] 69 - keys :: paymentOption
INFO 2021-06-12 14:31:52,388 [http-nio-8080-exec-3] 69 - keys :: signature
INFO 2021-06-12 14:31:52,388 [http-nio-8080-exec-3] 69 - keys :: orderAmount
INFO 2021-06-12 14:31:52,389 [http-nio-8080-exec-3] 69 - keys :: paymentCode
INFO 2021-06-12 14:31:52,389 [http-nio-8080-exec-3] 122 - Before Merchant Selection
INFO 2021-06-12 14:31:52,679 [http-nio-8080-exec-3] 245 - Merchant Detals :: {"created":1623488389485,"updated":1623488390097,"id":1,"merchantID":"620476732591","appID":"OypPmHUCvmP3fPUmDgppOTBmVe6jkVEV0AA3AbsdYlHRbxjpNWOZyysBaSWqkibP","uuid":"1fc708dd-2ff9-4661-afb1-e96c0afd588f","secretId":"R6xwDeUq+Z1U/tw+gbJrOqTzQPujDZFIU1tMUIGGw9eYyBxhTbFFjgOgPwpuAGEIkM18AKOZcMjq3Aqa9LWzS//LGie9lsMLoNrY8F+VGko=","merchantEMail":"sanjoycomm2004@gmail.com","password":"p8BD3+iz0fB2d95dO+u77A==","initialPwdChange":"Y","userStatus":"ACTIVE","phoneNumber":"8989898995","merchantName":"Hathway","kycStatus":"ACTIVE","createdBy":"3ac05537-c09b-409b-adf8-f91476bc1788","saltKey":"7F598785B49A8E5C","tr_mail_flag":"Y","createdAt":1623488512678,"updatedAt":1623488390097}
INFO 2021-06-12 14:31:52,679 [http-nio-8080-exec-3] 125 - After Merchant Selection
INFO 2021-06-12 14:31:52,683 [http-nio-8080-exec-3] 259 - Merchant Detals :: {"created":1623488389491,"updated":1623488390098,"id":10,"merchantID":"620476732591","service":"WALLET","pgID":"3","status":"ACTIVE","createdAt":1623488512683,"updatedAt":1623488390098}
INFO 2021-06-12 14:31:52,684 [http-nio-8080-exec-3] 129 - pgID :: 3
INFO 2021-06-12 14:31:52,684 [http-nio-8080-exec-3] 131 - Checking thee merchant and PG status and Service status.
INFO 2021-06-12 14:31:52,689 [http-nio-8080-exec-3] 273 - Merchant Detals :: {"created":1623488389505,"updated":1623488390098,"id":3,"merchantID":"620476732591","merchantPGNme":"LETZPAY","merchantPGAppId":"3921510524131338","merchantPGSecret":"VqPuEhleBSMv7VnR4ErPJAr3JbaHBRUnRlcrqwt6OOc=","merchantPGSaltKey":"0191a0a608c04f12","status":"ACTIVE","reason":null,"createdAt":1623488512688,"updatedAt":1623488390098}
INFO 2021-06-12 14:31:52,691 [http-nio-8080-exec-3] 144 - merchantPGDetails :: {"created":1623488512688,"updated":1623488390098,"id":3,"merchantID":"620476732591","merchantPGNme":"LETZPAY","merchantPGAppId":"3921510524131338","merchantPGSecret":"VqPuEhleBSMv7VnR4ErPJAr3JbaHBRUnRlcrqwt6OOc=","merchantPGSaltKey":"0191a0a608c04f12","status":"ACTIVE","reason":null,"createdAt":1623488512691,"updatedAt":1623488390098}
INFO 2021-06-12 14:31:52,987 [http-nio-8080-exec-3] 81 - Input formData :: {appId=[bd7761568db64478a3ccc8b33f58096b], customerEmail=[test@gmail.com], customerName=[harsh], customerPhone=[9599298936], orderAmount=[1000], orderCurrency=[INR], orderId=[9999000045], orderNote=[Test], paymentCode=[APWL], paymentOption=[wallet], returnUrl=[http://localhost:8080/testConsume], signature=[IuqYfHt+mpfRBTNBHsVg78TsWYXWaIq9Zyn5NuuJH/o]}
INFO 2021-06-12 14:31:52,987 [http-nio-8080-exec-3] 88 - Parameter :: {customerPhone=9599298936, orderAmount=1000, paymentCode=APWL, orderCurrency=INR, orderId=9999000045, orderNote=Test, appId=bd7761568db64478a3ccc8b33f58096b, customerEmail=test@gmail.com, paymentOption=wallet, returnUrl=http://localhost:8080/testConsume, customerName=harsh}
INFO 2021-06-12 14:31:52,987 [http-nio-8080-exec-3] 91 - Signature :: IuqYfHt+mpfRBTNBHsVg78TsWYXWaIq9Zyn5NuuJH/o
INFO 2021-06-12 14:31:52,987 [http-nio-8080-exec-3] 101 - signeddata :: IuqYfHt+mpfRBTNBHsVg78TsWYXWaIq9Zyn5NuuJH/o
INFO 2021-06-12 14:31:52,988 [http-nio-8080-exec-3] 182 - Inside Letzpay processor ...
INFO 2021-06-12 14:31:52,988 [http-nio-8080-exec-3] 52 - Inside processLetzPayRequest()
INFO 2021-06-12 14:31:52,988 [http-nio-8080-exec-3] 83 - Inside processCashFreeRequest() into UP process
INFO 2021-06-12 14:31:52,988 [http-nio-8080-exec-3] 170 - Inside setWalletDetailsCashFree()123
INFO 2021-06-12 14:31:52,988 [http-nio-8080-exec-3] 182 - Input Parameters :: {AMOUNT=1000, CURRENCY_CODE=356, CUST_EMAIL=test@gmail.com, CUST_PHONE=9599298936, ORDER_ID=16234885126440, PAY_ID=3921510524131338, RETURN_URL=http://localhost:8080/notifyurlLetsPay, MOP_TYPE=APWL, CUST_NAME=harsh, PAYMENT_TYPE=WL}
INFO 2021-06-12 14:31:53,284 [http-nio-8080-exec-3] 185 - enCryption :: ITeHtlK0qlql/9AlON0u8uVxBW+vZU9M6PMEaOCo/LM+IbnIGO4GZ5nGk59AFiCbEKerfScv+dcpbRBm/Cop1nGDaY+X4laseX7Dy/Lg1Gexr765l9mJJyA5fVCYTaKJL+qPhbOH3nxs4mQM8YVXO6nIzg6RavcTVXakEuvq0ZjyirKGFVIc5lA9MQnRIzaUG64ZJE0i2XJLTlsAVAuKwR4pCS0OHgRLXwYIAz9Myxcj4D0WOtlH61tVCHeOL0tvl4q4o3Ed/AVABaFHgZOIVmMn8nNHkRB43WwPGeN3clETiOAwGNdKviSOcnFyxiF4lK19S3mIKzkV4R6uyswhOhoSTc00t/nfJP2To+d4RlcUH9L89yVA1cO5InN9h40V2JFvUn2/KipHFgyDPTVFXg
INFO 2021-06-12 14:31:53,295 [http-nio-8080-exec-3] 191 - End setWalletDetailsCashFree()
INFO 2021-06-12 14:31:53,295 [http-nio-8080-exec-3] 102 - End processLetzPayRequest()
INFO 2021-06-12 14:31:53,295 [http-nio-8080-exec-3] 185 - After Model creation ...
INFO 2021-06-12 14:31:53,295 [http-nio-8080-exec-3] 285 - Inside UserDetails()
INFO 2021-06-12 14:31:53,305 [http-nio-8080-exec-3] 358 - Before Transaction
INFO 2021-06-12 14:31:53,831 [http-nio-8080-exec-4] 71 - Method  webhookRequest()
INFO 2021-06-12 14:31:53,831 [http-nio-8080-exec-4] 72 - webhookRequest Request From UI :: {ENCDATA=[5nrCcmBjafe8n+ej//OuPKIwC+ostXiMtXkCsPg/SKmawmZQgGuWekv3I+z6qtLfAocmcoshu9JQfxDYZoXjadaOAVjEqi+WK9gr1Jv4mSnxi/v+Y8+SB1JQVL5Td5SSPm0//qw0Z5HJVj2agPAbfvESmmNwbrYj4DxhX71JnFvLIuZRSJWLt9cj+KcDA1bib7lmDqNVNne8y7Op9rdFG5lSYm29mB8ORXLjfrMQXbp8u+CTosMbaFbni+0Udt8e706VwIUZfcwbYQZ7FdacDZjwR6uYr9mwd3dDR73Jo4rJFCKvQgXj/38xz4EyB5bGWuCLkxy2xSX0SHsr/jknjSF9uIX95cMw6TOj32+k+ucUVPt13B7ofeW7HwhLmjxDTrDf76VG6/gdvnXMfZkUd5zoC7o4Ro6lZKsot6C0lmm6UfuMReifV28shGzIQlKDQ5XLri+hjnBfRtIVhVSVEsgxPtUsUJpzbQI2uVbk+mJHIePvqhmW0TYMWszfrOkw4OUza4fBhXecz7W8H0hrsZWS8W7Q/7zg8Kokk+2oRc/HPKuc3HZzYPeUqkJPjFTnBhjyN0R+CBSQdJKdtGuV1d1VOe00LLMom6mvu/9w9YTOV6zFm2wjrzEpQ9gcppGU6/MtAW070QIAeIG+9LGIROOp7hI0RiGPq2lDqvqTtsPL27Nv6nnfge7gZY7PYRzXhW2KSiUm+3rcyu+O+z4+jT0iEUolbPlzZpNKOFBO1sD0YFm+JXes4ZahqfU2AL5fs3i+3LOOG8i6H7yiZ0aobJgYdVWFF1JkvN5n3GPTXDNRVD21cMn17b0xxU0PWKNd]}
INFO 2021-06-12 14:31:54,136 [http-nio-8080-exec-4] 74 - After pgGatewayService.acceptNotifyURLLetzPay()
INFO 2021-06-12 14:31:54,139 [http-nio-8080-exec-4] 552 - Return URL :: http%3A%2F%2Flocalhost%3A8080%2FtestConsume
INFO 2021-06-12 14:31:54,427 [http-nio-8080-exec-4] 77 - After generate Model Info
INFO 2021-06-12 14:31:54,480 [http-nio-8080-exec-5] 88 - Method  testConsume()
INFO 2021-06-12 14:31:54,481 [http-nio-8080-exec-5] 89 - testConsume Request From UI :: {orderAmount=[Failed, 1000], paymentOption=[wallet], MerchantorderId=[9999000045], VendorOrderId=[16234885126440], txtDate=[2021-06-12 14:31:53], signature=[xUVXkqY9QXTLIlqQxRaqFOtwS0wzaoKYKvLFcHCY3KY]}
INFO 2021-06-12 14:44:12,408 [Thread-13] 651 - Closing JPA EntityManagerFactory for persistence unit 'default'
INFO 2021-06-12 14:44:12,409 [Thread-13] 350 - HikariPool-3 - Shutdown initiated...
INFO 2021-06-12 14:44:12,411 [Thread-13] 352 - HikariPool-3 - Shutdown completed.
INFO 2021-06-12 14:44:12,603 [restartedMain] 55 - Starting PaymentApplication using Java 15 on asktech-ThinkPad with PID 7678 (/home/asktech/AskTech/WrokSpace/payment/target/classes started by asktech in /home/asktech/AskTech/WrokSpace/payment)
INFO 2021-06-12 14:44:12,604 [restartedMain] 659 - No active profile set, falling back to default profiles: default
INFO 2021-06-12 14:44:12,796 [restartedMain] 132 - Bootstrapping Spring Data JPA repositories in DEFAULT mode.
INFO 2021-06-12 14:44:12,831 [restartedMain] 201 - Finished Spring Data repository scanning in 35 ms. Found 15 JPA repository interfaces.
INFO 2021-06-12 14:44:12,965 [restartedMain] 108 - Tomcat initialized with port(s): 8080 (http)
INFO 2021-06-12 14:44:12,966 [restartedMain] 173 - Initializing ProtocolHandler ["http-nio-8080"]
INFO 2021-06-12 14:44:12,966 [restartedMain] 173 - Starting service [Tomcat]
INFO 2021-06-12 14:44:12,967 [restartedMain] 173 - Starting Servlet engine: [Apache Tomcat/9.0.46]
INFO 2021-06-12 14:44:12,979 [restartedMain] 173 - Initializing Spring embedded WebApplicationContext
INFO 2021-06-12 14:44:12,979 [restartedMain] 290 - Root WebApplicationContext: initialization completed in 373 ms
INFO 2021-06-12 14:44:13,018 [restartedMain] 110 - HikariPool-4 - Starting...
INFO 2021-06-12 14:44:13,022 [restartedMain] 123 - HikariPool-4 - Start completed.
INFO 2021-06-12 14:44:13,039 [restartedMain] 31 - HHH000204: Processing PersistenceUnitInfo [name: default]
INFO 2021-06-12 14:44:13,044 [restartedMain] 175 - HHH000400: Using dialect: org.hibernate.dialect.MySQL57Dialect
INFO 2021-06-12 14:44:13,416 [restartedMain] 52 - HHH000490: Using JtaPlatform implementation: [org.hibernate.engine.transaction.jta.platform.internal.NoJtaPlatform]
INFO 2021-06-12 14:44:13,419 [restartedMain] 437 - Initialized JPA EntityManagerFactory for persistence unit 'default'
WARN 2021-06-12 14:44:13,837 [restartedMain] 219 - spring.jpa.open-in-view is enabled by default. Therefore, database queries may be performed during view rendering. Explicitly configure spring.jpa.open-in-view to disable this warning
INFO 2021-06-12 14:44:14,006 [restartedMain] 58 - LiveReload server is running on port 35729
INFO 2021-06-12 14:44:14,017 [restartedMain] 173 - Starting ProtocolHandler ["http-nio-8080"]
INFO 2021-06-12 14:44:14,020 [restartedMain] 220 - Tomcat started on port(s): 8080 (http) with context path ''
INFO 2021-06-12 14:44:14,025 [restartedMain] 61 - Started PaymentApplication in 1.475 seconds (JVM running for 2394.498)
INFO 2021-06-12 14:44:14,027 [restartedMain] 63 - Condition evaluation unchanged
INFO 2021-06-12 14:44:16,696 [RMI TCP Connection(44)-127.0.0.1] 159 - Application shutdown requested.
INFO 2021-06-12 14:44:16,712 [RMI TCP Connection(44)-127.0.0.1] 651 - Closing JPA EntityManagerFactory for persistence unit 'default'
INFO 2021-06-12 14:44:16,713 [RMI TCP Connection(44)-127.0.0.1] 350 - HikariPool-4 - Shutdown initiated...
INFO 2021-06-12 14:44:16,715 [RMI TCP Connection(44)-127.0.0.1] 352 - HikariPool-4 - Shutdown completed.
INFO 2021-06-12 15:27:17,015 [restartedMain] 55 - Starting PaymentApplication using Java 15 on asktech-ThinkPad with PID 10582 (/home/asktech/AskTech/WrokSpace/payment/target/classes started by asktech in /home/asktech/AskTech/WrokSpace/payment)
INFO 2021-06-12 15:27:17,018 [restartedMain] 659 - No active profile set, falling back to default profiles: default
INFO 2021-06-12 15:27:17,063 [restartedMain] 255 - Devtools property defaults active! Set 'spring.devtools.add-properties' to 'false' to disable
INFO 2021-06-12 15:27:17,064 [restartedMain] 255 - For additional web related logging consider setting the 'logging.level.web' property to 'DEBUG'
INFO 2021-06-12 15:27:17,809 [restartedMain] 132 - Bootstrapping Spring Data JPA repositories in DEFAULT mode.
INFO 2021-06-12 15:27:17,931 [restartedMain] 201 - Finished Spring Data repository scanning in 113 ms. Found 17 JPA repository interfaces.
INFO 2021-06-12 15:27:18,537 [restartedMain] 108 - Tomcat initialized with port(s): 8080 (http)
INFO 2021-06-12 15:27:18,546 [restartedMain] 173 - Initializing ProtocolHandler ["http-nio-8080"]
INFO 2021-06-12 15:27:18,546 [restartedMain] 173 - Starting service [Tomcat]
INFO 2021-06-12 15:27:18,547 [restartedMain] 173 - Starting Servlet engine: [Apache Tomcat/9.0.46]
INFO 2021-06-12 15:27:18,618 [restartedMain] 173 - Initializing Spring embedded WebApplicationContext
INFO 2021-06-12 15:27:18,618 [restartedMain] 290 - Root WebApplicationContext: initialization completed in 1553 ms
INFO 2021-06-12 15:27:18,707 [restartedMain] 110 - HikariPool-1 - Starting...
INFO 2021-06-12 15:27:18,856 [restartedMain] 123 - HikariPool-1 - Start completed.
INFO 2021-06-12 15:27:18,948 [restartedMain] 31 - HHH000204: Processing PersistenceUnitInfo [name: default]
INFO 2021-06-12 15:27:19,004 [restartedMain] 44 - HHH000412: Hibernate ORM core version 5.4.32.Final
INFO 2021-06-12 15:27:19,110 [restartedMain] 56 - HCANN000001: Hibernate Commons Annotations {5.1.2.Final}
INFO 2021-06-12 15:27:19,216 [restartedMain] 175 - HHH000400: Using dialect: org.hibernate.dialect.MySQL57Dialect
INFO 2021-06-12 15:27:20,168 [restartedMain] 52 - HHH000490: Using JtaPlatform implementation: [org.hibernate.engine.transaction.jta.platform.internal.NoJtaPlatform]
INFO 2021-06-12 15:27:20,178 [restartedMain] 437 - Initialized JPA EntityManagerFactory for persistence unit 'default'
WARN 2021-06-12 15:27:21,099 [restartedMain] 219 - spring.jpa.open-in-view is enabled by default. Therefore, database queries may be performed during view rendering. Explicitly configure spring.jpa.open-in-view to disable this warning
INFO 2021-06-12 15:27:21,546 [restartedMain] 58 - LiveReload server is running on port 35729
INFO 2021-06-12 15:27:21,568 [restartedMain] 173 - Starting ProtocolHandler ["http-nio-8080"]
INFO 2021-06-12 15:27:21,582 [restartedMain] 220 - Tomcat started on port(s): 8080 (http) with context path ''
INFO 2021-06-12 15:27:21,593 [restartedMain] 61 - Started PaymentApplication in 4.984 seconds (JVM running for 5.944)
INFO 2021-06-12 15:37:37,558 [Thread-5] 651 - Closing JPA EntityManagerFactory for persistence unit 'default'
INFO 2021-06-12 15:37:37,562 [Thread-5] 350 - HikariPool-1 - Shutdown initiated...
INFO 2021-06-12 15:37:37,569 [Thread-5] 352 - HikariPool-1 - Shutdown completed.
INFO 2021-06-12 15:37:37,699 [restartedMain] 55 - Starting PaymentApplication using Java 15 on asktech-ThinkPad with PID 10582 (/home/asktech/AskTech/WrokSpace/payment/target/classes started by asktech in /home/asktech/AskTech/WrokSpace/payment)
INFO 2021-06-12 15:37:37,699 [restartedMain] 659 - No active profile set, falling back to default profiles: default
INFO 2021-06-12 15:37:38,015 [restartedMain] 132 - Bootstrapping Spring Data JPA repositories in DEFAULT mode.
INFO 2021-06-12 15:37:38,075 [restartedMain] 201 - Finished Spring Data repository scanning in 58 ms. Found 17 JPA repository interfaces.
INFO 2021-06-12 15:37:38,276 [restartedMain] 108 - Tomcat initialized with port(s): 8080 (http)
INFO 2021-06-12 15:37:38,278 [restartedMain] 173 - Initializing ProtocolHandler ["http-nio-8080"]
INFO 2021-06-12 15:37:38,279 [restartedMain] 173 - Starting service [Tomcat]
INFO 2021-06-12 15:37:38,279 [restartedMain] 173 - Starting Servlet engine: [Apache Tomcat/9.0.46]
INFO 2021-06-12 15:37:38,294 [restartedMain] 173 - Initializing Spring embedded WebApplicationContext
INFO 2021-06-12 15:37:38,295 [restartedMain] 290 - Root WebApplicationContext: initialization completed in 593 ms
INFO 2021-06-12 15:37:38,361 [restartedMain] 110 - HikariPool-2 - Starting...
INFO 2021-06-12 15:37:38,374 [restartedMain] 123 - HikariPool-2 - Start completed.
INFO 2021-06-12 15:37:38,398 [restartedMain] 31 - HHH000204: Processing PersistenceUnitInfo [name: default]
INFO 2021-06-12 15:37:38,405 [restartedMain] 175 - HHH000400: Using dialect: org.hibernate.dialect.MySQL57Dialect
INFO 2021-06-12 15:37:38,831 [restartedMain] 52 - HHH000490: Using JtaPlatform implementation: [org.hibernate.engine.transaction.jta.platform.internal.NoJtaPlatform]
INFO 2021-06-12 15:37:38,831 [restartedMain] 437 - Initialized JPA EntityManagerFactory for persistence unit 'default'
WARN 2021-06-12 15:37:39,405 [restartedMain] 219 - spring.jpa.open-in-view is enabled by default. Therefore, database queries may be performed during view rendering. Explicitly configure spring.jpa.open-in-view to disable this warning
INFO 2021-06-12 15:37:39,638 [restartedMain] 58 - LiveReload server is running on port 35729
INFO 2021-06-12 15:37:39,654 [restartedMain] 173 - Starting ProtocolHandler ["http-nio-8080"]
INFO 2021-06-12 15:37:39,656 [restartedMain] 220 - Tomcat started on port(s): 8080 (http) with context path ''
INFO 2021-06-12 15:37:39,662 [restartedMain] 61 - Started PaymentApplication in 2.026 seconds (JVM running for 624.013)
INFO 2021-06-12 15:37:39,664 [restartedMain] 63 - Condition evaluation unchanged
INFO 2021-06-12 15:38:57,461 [Thread-8] 651 - Closing JPA EntityManagerFactory for persistence unit 'default'
INFO 2021-06-12 15:38:57,462 [Thread-8] 350 - HikariPool-2 - Shutdown initiated...
INFO 2021-06-12 15:38:57,465 [Thread-8] 352 - HikariPool-2 - Shutdown completed.
INFO 2021-06-12 15:38:57,638 [restartedMain] 55 - Starting PaymentApplication using Java 15 on asktech-ThinkPad with PID 10582 (/home/asktech/AskTech/WrokSpace/payment/target/classes started by asktech in /home/asktech/AskTech/WrokSpace/payment)
INFO 2021-06-12 15:38:57,639 [restartedMain] 659 - No active profile set, falling back to default profiles: default
INFO 2021-06-12 15:38:57,889 [restartedMain] 132 - Bootstrapping Spring Data JPA repositories in DEFAULT mode.
INFO 2021-06-12 15:38:57,935 [restartedMain] 201 - Finished Spring Data repository scanning in 45 ms. Found 17 JPA repository interfaces.
INFO 2021-06-12 15:38:58,109 [restartedMain] 108 - Tomcat initialized with port(s): 8080 (http)
INFO 2021-06-12 15:38:58,110 [restartedMain] 173 - Initializing ProtocolHandler ["http-nio-8080"]
INFO 2021-06-12 15:38:58,111 [restartedMain] 173 - Starting service [Tomcat]
INFO 2021-06-12 15:38:58,111 [restartedMain] 173 - Starting Servlet engine: [Apache Tomcat/9.0.46]
INFO 2021-06-12 15:38:58,122 [restartedMain] 173 - Initializing Spring embedded WebApplicationContext
INFO 2021-06-12 15:38:58,122 [restartedMain] 290 - Root WebApplicationContext: initialization completed in 480 ms
INFO 2021-06-12 15:38:58,175 [restartedMain] 110 - HikariPool-3 - Starting...
INFO 2021-06-12 15:38:58,179 [restartedMain] 123 - HikariPool-3 - Start completed.
INFO 2021-06-12 15:38:58,197 [restartedMain] 31 - HHH000204: Processing PersistenceUnitInfo [name: default]
INFO 2021-06-12 15:38:58,204 [restartedMain] 175 - HHH000400: Using dialect: org.hibernate.dialect.MySQL57Dialect
INFO 2021-06-12 15:38:58,519 [restartedMain] 52 - HHH000490: Using JtaPlatform implementation: [org.hibernate.engine.transaction.jta.platform.internal.NoJtaPlatform]
INFO 2021-06-12 15:38:58,519 [restartedMain] 437 - Initialized JPA EntityManagerFactory for persistence unit 'default'
WARN 2021-06-12 15:38:59,054 [restartedMain] 219 - spring.jpa.open-in-view is enabled by default. Therefore, database queries may be performed during view rendering. Explicitly configure spring.jpa.open-in-view to disable this warning
INFO 2021-06-12 15:38:59,259 [restartedMain] 58 - LiveReload server is running on port 35729
INFO 2021-06-12 15:38:59,273 [restartedMain] 173 - Starting ProtocolHandler ["http-nio-8080"]
INFO 2021-06-12 15:38:59,281 [restartedMain] 220 - Tomcat started on port(s): 8080 (http) with context path ''
INFO 2021-06-12 15:38:59,287 [restartedMain] 61 - Started PaymentApplication in 1.704 seconds (JVM running for 703.638)
INFO 2021-06-12 15:38:59,289 [restartedMain] 63 - Condition evaluation unchanged
INFO 2021-06-12 15:38:59,714 [RMI TCP Connection(15)-127.0.0.1] 159 - Application shutdown requested.
INFO 2021-06-12 15:38:59,728 [RMI TCP Connection(15)-127.0.0.1] 651 - Closing JPA EntityManagerFactory for persistence unit 'default'
INFO 2021-06-12 15:38:59,729 [RMI TCP Connection(15)-127.0.0.1] 350 - HikariPool-3 - Shutdown initiated...
INFO 2021-06-12 15:38:59,731 [RMI TCP Connection(15)-127.0.0.1] 352 - HikariPool-3 - Shutdown completed.
INFO 2021-06-12 15:56:39,110 [restartedMain] 55 - Starting PaymentApplication using Java 15 on asktech-ThinkPad with PID 11636 (/home/asktech/AskTech/WrokSpace/payment/target/classes started by asktech in /home/asktech/AskTech/WrokSpace/payment)
INFO 2021-06-12 15:56:39,114 [restartedMain] 659 - No active profile set, falling back to default profiles: default
INFO 2021-06-12 15:56:39,178 [restartedMain] 255 - Devtools property defaults active! Set 'spring.devtools.add-properties' to 'false' to disable
INFO 2021-06-12 15:56:39,179 [restartedMain] 255 - For additional web related logging consider setting the 'logging.level.web' property to 'DEBUG'
INFO 2021-06-12 15:56:40,086 [restartedMain] 132 - Bootstrapping Spring Data JPA repositories in DEFAULT mode.
INFO 2021-06-12 15:56:40,228 [restartedMain] 201 - Finished Spring Data repository scanning in 130 ms. Found 17 JPA repository interfaces.
INFO 2021-06-12 15:56:40,824 [restartedMain] 108 - Tomcat initialized with port(s): 8080 (http)
INFO 2021-06-12 15:56:40,833 [restartedMain] 173 - Initializing ProtocolHandler ["http-nio-8080"]
INFO 2021-06-12 15:56:40,834 [restartedMain] 173 - Starting service [Tomcat]
INFO 2021-06-12 15:56:40,834 [restartedMain] 173 - Starting Servlet engine: [Apache Tomcat/9.0.46]
INFO 2021-06-12 15:56:40,912 [restartedMain] 173 - Initializing Spring embedded WebApplicationContext
INFO 2021-06-12 15:56:40,913 [restartedMain] 290 - Root WebApplicationContext: initialization completed in 1726 ms
INFO 2021-06-12 15:56:41,002 [restartedMain] 110 - HikariPool-1 - Starting...
INFO 2021-06-12 15:56:41,150 [restartedMain] 123 - HikariPool-1 - Start completed.
INFO 2021-06-12 15:56:41,250 [restartedMain] 31 - HHH000204: Processing PersistenceUnitInfo [name: default]
INFO 2021-06-12 15:56:41,312 [restartedMain] 44 - HHH000412: Hibernate ORM core version 5.4.32.Final
INFO 2021-06-12 15:56:41,424 [restartedMain] 56 - HCANN000001: Hibernate Commons Annotations {5.1.2.Final}
INFO 2021-06-12 15:56:41,535 [restartedMain] 175 - HHH000400: Using dialect: org.hibernate.dialect.MySQL57Dialect
INFO 2021-06-12 15:56:42,415 [restartedMain] 52 - HHH000490: Using JtaPlatform implementation: [org.hibernate.engine.transaction.jta.platform.internal.NoJtaPlatform]
INFO 2021-06-12 15:56:42,423 [restartedMain] 437 - Initialized JPA EntityManagerFactory for persistence unit 'default'
WARN 2021-06-12 15:56:43,325 [restartedMain] 219 - spring.jpa.open-in-view is enabled by default. Therefore, database queries may be performed during view rendering. Explicitly configure spring.jpa.open-in-view to disable this warning
INFO 2021-06-12 15:56:43,741 [restartedMain] 58 - LiveReload server is running on port 35729
INFO 2021-06-12 15:56:43,762 [restartedMain] 173 - Starting ProtocolHandler ["http-nio-8080"]
INFO 2021-06-12 15:56:43,775 [restartedMain] 220 - Tomcat started on port(s): 8080 (http) with context path ''
INFO 2021-06-12 15:56:43,788 [restartedMain] 61 - Started PaymentApplication in 5.086 seconds (JVM running for 6.176)
INFO 2021-06-12 15:57:59,470 [http-nio-8080-exec-1] 173 - Initializing Spring DispatcherServlet 'dispatcherServlet'
INFO 2021-06-12 15:57:59,470 [http-nio-8080-exec-1] 525 - Initializing Servlet 'dispatcherServlet'
INFO 2021-06-12 15:57:59,472 [http-nio-8080-exec-1] 547 - Completed initialization in 2 ms
INFO 2021-06-12 15:57:59,519 [http-nio-8080-exec-1] 107 - Input dATA :: {merchantId=[620476732591], encryptedData=[3ar9SwArUDU7NeyurV352U8xyyGlfzuD8LAihr8azV4vWPx3WqpaBVll7kUBHeMSQAwMXqm8bup3sPHfCsb559wmC6GK06WSiU8R7a%2BjqArwZkLNBF%2BqenlZQdr17NL0tQCf8sCVBO65QZtcNQ%2Fid85aMs7nk1vftdydK0hoPGyKbrBzUWGj7Sa1FMVkgiLh%2Fu27X6UehWOWQEbE2DdJms8Mueol6Xo3gyxbELFcaBei8yQIqVuGKyUAquTbh0hXxlm5esocx8etrS9wAaBzVms3TBKRncRuEsGJH5vvLX4pnGULEDVArOR2LZSknuXAfwZgf501wRBhgvMTG4tq%2BZNTc1F3VYLXxb5G0GkHDcmQ1JmhVOcSEXZt4SGxETWiOQp4Ht%2B5HSpGt%2FH%2FxaP8DLt9HkMGAdLUCZGkZJhD2X8%3D]}
INFO 2021-06-12 15:57:59,519 [http-nio-8080-exec-1] 658 - Input merchantId :: 3ar9SwArUDU7NeyurV352U8xyyGlfzuD8LAihr8azV4vWPx3WqpaBVll7kUBHeMSQAwMXqm8bup3sPHfCsb559wmC6GK06WSiU8R7a%2BjqArwZkLNBF%2BqenlZQdr17NL0tQCf8sCVBO65QZtcNQ%2Fid85aMs7nk1vftdydK0hoPGyKbrBzUWGj7Sa1FMVkgiLh%2Fu27X6UehWOWQEbE2DdJms8Mueol6Xo3gyxbELFcaBei8yQIqVuGKyUAquTbh0hXxlm5esocx8etrS9wAaBzVms3TBKRncRuEsGJH5vvLX4pnGULEDVArOR2LZSknuXAfwZgf501wRBhgvMTG4tq%2BZNTc1F3VYLXxb5G0GkHDcmQ1JmhVOcSEXZt4SGxETWiOQp4Ht%2B5HSpGt%2FH%2FxaP8DLt9HkMGAdLUCZGkZJhD2X8%3D
INFO 2021-06-12 15:58:00,010 [http-nio-8080-exec-1] 668 - Secret Ket :: b5c4a70e268acfa9
INFO 2021-06-12 15:58:00,295 [http-nio-8080-exec-1] 674 - Decrition URL :: appId=bd7761568db64478a3ccc8b33f58096b~customerEmail=test@gmail.com~customerName=harsh~customerPhone=9599298936~orderAmount=1000~orderCurrency=INR~orderId=9999000045~orderNote=Test~paymentCode=2007~paymentOption=wallet~returnUrl=http://localhost:8080/testConsume~signature=V9KUXtfj8B7vdYxDp5nCoKpFywahs9ZSeFfr98uT2zA
INFO 2021-06-12 15:58:00,296 [http-nio-8080-exec-1] 44 - [appId, customerEmail, customerName, customerPhone, orderAmount, orderCurrency, orderId, orderNote, paymentCode, paymentOption, returnUrl, signature]
INFO 2021-06-12 15:58:00,297 [http-nio-8080-exec-1] 69 - keys :: customerName
INFO 2021-06-12 15:58:00,298 [http-nio-8080-exec-1] 69 - keys :: customerPhone
INFO 2021-06-12 15:58:00,298 [http-nio-8080-exec-1] 69 - keys :: customerEmail
INFO 2021-06-12 15:58:00,298 [http-nio-8080-exec-1] 69 - keys :: paymentOption
INFO 2021-06-12 15:58:00,298 [http-nio-8080-exec-1] 69 - keys :: signature
INFO 2021-06-12 15:58:00,298 [http-nio-8080-exec-1] 69 - keys :: orderAmount
INFO 2021-06-12 15:58:00,298 [http-nio-8080-exec-1] 69 - keys :: paymentCode
INFO 2021-06-12 15:58:00,299 [http-nio-8080-exec-1] 128 - Before Merchant Selection
INFO 2021-06-12 15:58:00,631 [http-nio-8080-exec-1] 327 - Merchant Detals :: {"created":1623488512678,"updated":1623488513287,"id":1,"merchantID":"620476732591","appID":"OypPmHUCvmP3fPUmDgppOTBmVe6jkVEV0AA3AbsdYlHRbxjpNWOZyysBaSWqkibP","uuid":"1fc708dd-2ff9-4661-afb1-e96c0afd588f","secretId":"R6xwDeUq+Z1U/tw+gbJrOqTzQPujDZFIU1tMUIGGw9eYyBxhTbFFjgOgPwpuAGEIkM18AKOZcMjq3Aqa9LWzS//LGie9lsMLoNrY8F+VGko=","merchantEMail":"sanjoycomm2004@gmail.com","password":"p8BD3+iz0fB2d95dO+u77A==","initialPwdChange":"Y","userStatus":"ACTIVE","phoneNumber":"8989898995","merchantName":"Hathway","kycStatus":"ACTIVE","createdBy":"3ac05537-c09b-409b-adf8-f91476bc1788","saltKey":"7F598785B49A8E5C","tr_mail_flag":"Y","createdAt":1623493680629,"updatedAt":1623488513287}
INFO 2021-06-12 15:58:00,632 [http-nio-8080-exec-1] 131 - After Merchant Selection
INFO 2021-06-12 15:58:00,642 [http-nio-8080-exec-1] 341 - Merchant Detals :: {"created":1623488512683,"updated":1623488513287,"id":10,"merchantID":"620476732591","service":"WALLET","pgID":"3","status":"ACTIVE","createdAt":1623493680641,"updatedAt":1623488513287}
INFO 2021-06-12 15:58:00,642 [http-nio-8080-exec-1] 135 - pgID :: 3
INFO 2021-06-12 15:58:00,643 [http-nio-8080-exec-1] 137 - Checking thee merchant and PG status and Service status.
INFO 2021-06-12 15:58:00,654 [http-nio-8080-exec-1] 355 - Merchant Detals :: {"created":1623488512691,"updated":1623488513287,"id":3,"merchantID":"620476732591","merchantPGNme":"LETZPAY","merchantPGAppId":"3921510524131338","merchantPGSecret":"VqPuEhleBSMv7VnR4ErPJAr3JbaHBRUnRlcrqwt6OOc=","merchantPGSaltKey":"0191a0a608c04f12","status":"ACTIVE","reason":null,"createdAt":1623493680653,"updatedAt":1623488513287}
INFO 2021-06-12 15:58:00,657 [http-nio-8080-exec-1] 150 - merchantPGDetails :: {"created":1623493680653,"updated":1623488513287,"id":3,"merchantID":"620476732591","merchantPGNme":"LETZPAY","merchantPGAppId":"3921510524131338","merchantPGSecret":"VqPuEhleBSMv7VnR4ErPJAr3JbaHBRUnRlcrqwt6OOc=","merchantPGSaltKey":"0191a0a608c04f12","status":"ACTIVE","reason":null,"createdAt":1623493680657,"updatedAt":1623488513287}
INFO 2021-06-12 15:58:00,931 [http-nio-8080-exec-1] 81 - Input formData :: {appId=[bd7761568db64478a3ccc8b33f58096b], customerEmail=[test@gmail.com], customerName=[harsh], customerPhone=[9599298936], orderAmount=[1000], orderCurrency=[INR], orderId=[9999000045], orderNote=[Test], paymentCode=[2007], paymentOption=[wallet], returnUrl=[http://localhost:8080/testConsume], signature=[V9KUXtfj8B7vdYxDp5nCoKpFywahs9ZSeFfr98uT2zA]}
INFO 2021-06-12 15:58:00,932 [http-nio-8080-exec-1] 88 - Parameter :: {customerPhone=9599298936, orderAmount=1000, paymentCode=2007, orderCurrency=INR, orderId=9999000045, orderNote=Test, appId=bd7761568db64478a3ccc8b33f58096b, customerEmail=test@gmail.com, paymentOption=wallet, returnUrl=http://localhost:8080/testConsume, customerName=harsh}
INFO 2021-06-12 15:58:00,933 [http-nio-8080-exec-1] 91 - Signature :: V9KUXtfj8B7vdYxDp5nCoKpFywahs9ZSeFfr98uT2zA
INFO 2021-06-12 15:58:00,934 [http-nio-8080-exec-1] 101 - signeddata :: V9KUXtfj8B7vdYxDp5nCoKpFywahs9ZSeFfr98uT2zA
INFO 2021-06-12 15:58:00,940 [http-nio-8080-exec-1] 188 - Inside Letzpay processor ...
INFO 2021-06-12 15:58:00,940 [http-nio-8080-exec-1] 62 - Inside processLetzPayRequest()
INFO 2021-06-12 15:58:00,940 [http-nio-8080-exec-1] 95 - Inside processCashFreeRequest() into UP process
WARN 2021-06-12 15:58:00,967 [http-nio-8080-exec-1] 207 - Resolved [java.lang.NullPointerException: Cannot invoke "com.asktech.payment.model.WalletList.getPaymentcodepg()" because "walletList" is null]
INFO 2021-06-12 15:59:01,908 [Thread-5] 651 - Closing JPA EntityManagerFactory for persistence unit 'default'
INFO 2021-06-12 15:59:01,912 [Thread-5] 350 - HikariPool-1 - Shutdown initiated...
INFO 2021-06-12 15:59:01,920 [Thread-5] 352 - HikariPool-1 - Shutdown completed.
INFO 2021-06-12 15:59:02,041 [restartedMain] 55 - Starting PaymentApplication using Java 15 on asktech-ThinkPad with PID 11636 (/home/asktech/AskTech/WrokSpace/payment/target/classes started by asktech in /home/asktech/AskTech/WrokSpace/payment)
INFO 2021-06-12 15:59:02,041 [restartedMain] 659 - No active profile set, falling back to default profiles: default
INFO 2021-06-12 15:59:02,252 [restartedMain] 132 - Bootstrapping Spring Data JPA repositories in DEFAULT mode.
INFO 2021-06-12 15:59:02,298 [restartedMain] 201 - Finished Spring Data repository scanning in 44 ms. Found 17 JPA repository interfaces.
INFO 2021-06-12 15:59:02,451 [restartedMain] 108 - Tomcat initialized with port(s): 8080 (http)
INFO 2021-06-12 15:59:02,452 [restartedMain] 173 - Initializing ProtocolHandler ["http-nio-8080"]
INFO 2021-06-12 15:59:02,453 [restartedMain] 173 - Starting service [Tomcat]
INFO 2021-06-12 15:59:02,453 [restartedMain] 173 - Starting Servlet engine: [Apache Tomcat/9.0.46]
INFO 2021-06-12 15:59:02,466 [restartedMain] 173 - Initializing Spring embedded WebApplicationContext
INFO 2021-06-12 15:59:02,466 [restartedMain] 290 - Root WebApplicationContext: initialization completed in 422 ms
INFO 2021-06-12 15:59:02,505 [restartedMain] 110 - HikariPool-2 - Starting...
INFO 2021-06-12 15:59:02,509 [restartedMain] 123 - HikariPool-2 - Start completed.
INFO 2021-06-12 15:59:02,530 [restartedMain] 31 - HHH000204: Processing PersistenceUnitInfo [name: default]
INFO 2021-06-12 15:59:02,536 [restartedMain] 175 - HHH000400: Using dialect: org.hibernate.dialect.MySQL57Dialect
INFO 2021-06-12 15:59:02,869 [restartedMain] 52 - HHH000490: Using JtaPlatform implementation: [org.hibernate.engine.transaction.jta.platform.internal.NoJtaPlatform]
INFO 2021-06-12 15:59:02,870 [restartedMain] 437 - Initialized JPA EntityManagerFactory for persistence unit 'default'
WARN 2021-06-12 15:59:03,411 [restartedMain] 219 - spring.jpa.open-in-view is enabled by default. Therefore, database queries may be performed during view rendering. Explicitly configure spring.jpa.open-in-view to disable this warning
INFO 2021-06-12 15:59:03,604 [restartedMain] 58 - LiveReload server is running on port 35729
INFO 2021-06-12 15:59:03,619 [restartedMain] 173 - Starting ProtocolHandler ["http-nio-8080"]
INFO 2021-06-12 15:59:03,621 [restartedMain] 220 - Tomcat started on port(s): 8080 (http) with context path ''
INFO 2021-06-12 15:59:03,627 [restartedMain] 61 - Started PaymentApplication in 1.637 seconds (JVM running for 146.015)
INFO 2021-06-12 15:59:03,630 [restartedMain] 63 - Condition evaluation unchanged
INFO 2021-06-12 15:59:27,146 [Thread-8] 651 - Closing JPA EntityManagerFactory for persistence unit 'default'
INFO 2021-06-12 15:59:27,147 [Thread-8] 350 - HikariPool-2 - Shutdown initiated...
INFO 2021-06-12 15:59:27,150 [Thread-8] 352 - HikariPool-2 - Shutdown completed.
INFO 2021-06-12 15:59:27,247 [restartedMain] 55 - Starting PaymentApplication using Java 15 on asktech-ThinkPad with PID 11636 (/home/asktech/AskTech/WrokSpace/payment/target/classes started by asktech in /home/asktech/AskTech/WrokSpace/payment)
INFO 2021-06-12 15:59:27,247 [restartedMain] 659 - No active profile set, falling back to default profiles: default
INFO 2021-06-12 15:59:27,419 [restartedMain] 132 - Bootstrapping Spring Data JPA repositories in DEFAULT mode.
INFO 2021-06-12 15:59:27,465 [restartedMain] 201 - Finished Spring Data repository scanning in 45 ms. Found 17 JPA repository interfaces.
INFO 2021-06-12 15:59:27,609 [restartedMain] 108 - Tomcat initialized with port(s): 8080 (http)
INFO 2021-06-12 15:59:27,609 [restartedMain] 173 - Initializing ProtocolHandler ["http-nio-8080"]
INFO 2021-06-12 15:59:27,610 [restartedMain] 173 - Starting service [Tomcat]
INFO 2021-06-12 15:59:27,610 [restartedMain] 173 - Starting Servlet engine: [Apache Tomcat/9.0.46]
INFO 2021-06-12 15:59:27,622 [restartedMain] 173 - Initializing Spring embedded WebApplicationContext
INFO 2021-06-12 15:59:27,622 [restartedMain] 290 - Root WebApplicationContext: initialization completed in 372 ms
INFO 2021-06-12 15:59:27,653 [restartedMain] 110 - HikariPool-3 - Starting...
INFO 2021-06-12 15:59:27,656 [restartedMain] 123 - HikariPool-3 - Start completed.
INFO 2021-06-12 15:59:27,673 [restartedMain] 31 - HHH000204: Processing PersistenceUnitInfo [name: default]
INFO 2021-06-12 15:59:27,677 [restartedMain] 175 - HHH000400: Using dialect: org.hibernate.dialect.MySQL57Dialect
INFO 2021-06-12 15:59:27,959 [restartedMain] 52 - HHH000490: Using JtaPlatform implementation: [org.hibernate.engine.transaction.jta.platform.internal.NoJtaPlatform]
INFO 2021-06-12 15:59:27,959 [restartedMain] 437 - Initialized JPA EntityManagerFactory for persistence unit 'default'
WARN 2021-06-12 15:59:28,413 [restartedMain] 219 - spring.jpa.open-in-view is enabled by default. Therefore, database queries may be performed during view rendering. Explicitly configure spring.jpa.open-in-view to disable this warning
INFO 2021-06-12 15:59:28,645 [restartedMain] 58 - LiveReload server is running on port 35729
INFO 2021-06-12 15:59:28,657 [restartedMain] 173 - Starting ProtocolHandler ["http-nio-8080"]
INFO 2021-06-12 15:59:28,661 [restartedMain] 220 - Tomcat started on port(s): 8080 (http) with context path ''
INFO 2021-06-12 15:59:28,666 [restartedMain] 61 - Started PaymentApplication in 1.456 seconds (JVM running for 171.054)
INFO 2021-06-12 15:59:28,667 [restartedMain] 63 - Condition evaluation unchanged
INFO 2021-06-12 15:59:32,079 [Thread-13] 651 - Closing JPA EntityManagerFactory for persistence unit 'default'
INFO 2021-06-12 15:59:32,080 [Thread-13] 350 - HikariPool-3 - Shutdown initiated...
INFO 2021-06-12 15:59:32,083 [Thread-13] 352 - HikariPool-3 - Shutdown completed.
INFO 2021-06-12 15:59:32,166 [restartedMain] 55 - Starting PaymentApplication using Java 15 on asktech-ThinkPad with PID 11636 (/home/asktech/AskTech/WrokSpace/payment/target/classes started by asktech in /home/asktech/AskTech/WrokSpace/payment)
INFO 2021-06-12 15:59:32,166 [restartedMain] 659 - No active profile set, falling back to default profiles: default
INFO 2021-06-12 15:59:32,288 [restartedMain] 132 - Bootstrapping Spring Data JPA repositories in DEFAULT mode.
INFO 2021-06-12 15:59:32,318 [restartedMain] 201 - Finished Spring Data repository scanning in 30 ms. Found 17 JPA repository interfaces.
INFO 2021-06-12 15:59:32,417 [restartedMain] 108 - Tomcat initialized with port(s): 8080 (http)
INFO 2021-06-12 15:59:32,418 [restartedMain] 173 - Initializing ProtocolHandler ["http-nio-8080"]
INFO 2021-06-12 15:59:32,418 [restartedMain] 173 - Starting service [Tomcat]
INFO 2021-06-12 15:59:32,419 [restartedMain] 173 - Starting Servlet engine: [Apache Tomcat/9.0.46]
INFO 2021-06-12 15:59:32,426 [restartedMain] 173 - Initializing Spring embedded WebApplicationContext
INFO 2021-06-12 15:59:32,426 [restartedMain] 290 - Root WebApplicationContext: initialization completed in 258 ms
INFO 2021-06-12 15:59:32,453 [restartedMain] 110 - HikariPool-4 - Starting...
INFO 2021-06-12 15:59:32,456 [restartedMain] 123 - HikariPool-4 - Start completed.
INFO 2021-06-12 15:59:32,468 [restartedMain] 31 - HHH000204: Processing PersistenceUnitInfo [name: default]
INFO 2021-06-12 15:59:32,471 [restartedMain] 175 - HHH000400: Using dialect: org.hibernate.dialect.MySQL57Dialect
INFO 2021-06-12 15:59:32,716 [restartedMain] 52 - HHH000490: Using JtaPlatform implementation: [org.hibernate.engine.transaction.jta.platform.internal.NoJtaPlatform]
INFO 2021-06-12 15:59:32,717 [restartedMain] 437 - Initialized JPA EntityManagerFactory for persistence unit 'default'
WARN 2021-06-12 15:59:33,178 [restartedMain] 219 - spring.jpa.open-in-view is enabled by default. Therefore, database queries may be performed during view rendering. Explicitly configure spring.jpa.open-in-view to disable this warning
INFO 2021-06-12 15:59:33,358 [restartedMain] 58 - LiveReload server is running on port 35729
INFO 2021-06-12 15:59:33,369 [restartedMain] 173 - Starting ProtocolHandler ["http-nio-8080"]
INFO 2021-06-12 15:59:33,371 [restartedMain] 220 - Tomcat started on port(s): 8080 (http) with context path ''
INFO 2021-06-12 15:59:33,377 [restartedMain] 61 - Started PaymentApplication in 1.24 seconds (JVM running for 175.765)
INFO 2021-06-12 15:59:33,378 [restartedMain] 63 - Condition evaluation unchanged
INFO 2021-06-12 15:59:49,241 [http-nio-8080-exec-1] 173 - Initializing Spring DispatcherServlet 'dispatcherServlet'
INFO 2021-06-12 15:59:49,241 [http-nio-8080-exec-1] 525 - Initializing Servlet 'dispatcherServlet'
INFO 2021-06-12 15:59:49,243 [http-nio-8080-exec-1] 547 - Completed initialization in 2 ms
INFO 2021-06-12 15:59:49,249 [http-nio-8080-exec-1] 107 - Input dATA :: {merchantId=[620476732591], encryptedData=[3ar9SwArUDU7NeyurV352U8xyyGlfzuD8LAihr8azV4vWPx3WqpaBVll7kUBHeMSQAwMXqm8bup3sPHfCsb559wmC6GK06WSiU8R7a%2BjqArwZkLNBF%2BqenlZQdr17NL0tQCf8sCVBO65QZtcNQ%2Fid85aMs7nk1vftdydK0hoPGyKbrBzUWGj7Sa1FMVkgiLh%2Fu27X6UehWOWQEbE2DdJms8Mueol6Xo3gyxbELFcaBei8yQIqVuGKyUAquTbh0hXxlm5esocx8etrS9wAaBzVms3TBKRncRuEsGJH5vvLX4pnGULEDVArOR2LZSknuXAfwZgf501wRBhgvMTG4tq%2BZNTc1F3VYLXxb5G0GkHDcmQ1JmhVOcSEXZt4SGxETWiOQp4Ht%2B5HSpGt%2FH%2FxaP8DLt9HkMGAdLUCZGkZJhD2X8%3D]}
INFO 2021-06-12 15:59:49,249 [http-nio-8080-exec-1] 658 - Input merchantId :: 3ar9SwArUDU7NeyurV352U8xyyGlfzuD8LAihr8azV4vWPx3WqpaBVll7kUBHeMSQAwMXqm8bup3sPHfCsb559wmC6GK06WSiU8R7a%2BjqArwZkLNBF%2BqenlZQdr17NL0tQCf8sCVBO65QZtcNQ%2Fid85aMs7nk1vftdydK0hoPGyKbrBzUWGj7Sa1FMVkgiLh%2Fu27X6UehWOWQEbE2DdJms8Mueol6Xo3gyxbELFcaBei8yQIqVuGKyUAquTbh0hXxlm5esocx8etrS9wAaBzVms3TBKRncRuEsGJH5vvLX4pnGULEDVArOR2LZSknuXAfwZgf501wRBhgvMTG4tq%2BZNTc1F3VYLXxb5G0GkHDcmQ1JmhVOcSEXZt4SGxETWiOQp4Ht%2B5HSpGt%2FH%2FxaP8DLt9HkMGAdLUCZGkZJhD2X8%3D
INFO 2021-06-12 15:59:49,583 [http-nio-8080-exec-1] 668 - Secret Ket :: b5c4a70e268acfa9
INFO 2021-06-12 15:59:49,872 [http-nio-8080-exec-1] 674 - Decrition URL :: appId=bd7761568db64478a3ccc8b33f58096b~customerEmail=test@gmail.com~customerName=harsh~customerPhone=9599298936~orderAmount=1000~orderCurrency=INR~orderId=9999000045~orderNote=Test~paymentCode=2007~paymentOption=wallet~returnUrl=http://localhost:8080/testConsume~signature=V9KUXtfj8B7vdYxDp5nCoKpFywahs9ZSeFfr98uT2zA
INFO 2021-06-12 15:59:49,873 [http-nio-8080-exec-1] 44 - [appId, customerEmail, customerName, customerPhone, orderAmount, orderCurrency, orderId, orderNote, paymentCode, paymentOption, returnUrl, signature]
INFO 2021-06-12 15:59:49,875 [http-nio-8080-exec-1] 69 - keys :: customerName
INFO 2021-06-12 15:59:49,875 [http-nio-8080-exec-1] 69 - keys :: customerPhone
INFO 2021-06-12 15:59:49,875 [http-nio-8080-exec-1] 69 - keys :: customerEmail
INFO 2021-06-12 15:59:49,875 [http-nio-8080-exec-1] 69 - keys :: paymentOption
INFO 2021-06-12 15:59:49,875 [http-nio-8080-exec-1] 69 - keys :: signature
INFO 2021-06-12 15:59:49,876 [http-nio-8080-exec-1] 69 - keys :: orderAmount
INFO 2021-06-12 15:59:49,876 [http-nio-8080-exec-1] 69 - keys :: paymentCode
INFO 2021-06-12 15:59:49,876 [http-nio-8080-exec-1] 128 - Before Merchant Selection
INFO 2021-06-12 15:59:50,164 [http-nio-8080-exec-1] 327 - Merchant Detals :: {"created":1623488512678,"updated":1623488513287,"id":1,"merchantID":"620476732591","appID":"OypPmHUCvmP3fPUmDgppOTBmVe6jkVEV0AA3AbsdYlHRbxjpNWOZyysBaSWqkibP","uuid":"1fc708dd-2ff9-4661-afb1-e96c0afd588f","secretId":"R6xwDeUq+Z1U/tw+gbJrOqTzQPujDZFIU1tMUIGGw9eYyBxhTbFFjgOgPwpuAGEIkM18AKOZcMjq3Aqa9LWzS//LGie9lsMLoNrY8F+VGko=","merchantEMail":"sanjoycomm2004@gmail.com","password":"p8BD3+iz0fB2d95dO+u77A==","initialPwdChange":"Y","userStatus":"ACTIVE","phoneNumber":"8989898995","merchantName":"Hathway","kycStatus":"ACTIVE","createdBy":"3ac05537-c09b-409b-adf8-f91476bc1788","saltKey":"7F598785B49A8E5C","tr_mail_flag":"Y","createdAt":1623493790163,"updatedAt":1623488513287}
INFO 2021-06-12 15:59:50,164 [http-nio-8080-exec-1] 131 - After Merchant Selection
INFO 2021-06-12 15:59:50,171 [http-nio-8080-exec-1] 341 - Merchant Detals :: {"created":1623488512683,"updated":1623488513287,"id":10,"merchantID":"620476732591","service":"WALLET","pgID":"3","status":"ACTIVE","createdAt":1623493790170,"updatedAt":1623488513287}
INFO 2021-06-12 15:59:50,171 [http-nio-8080-exec-1] 135 - pgID :: 3
INFO 2021-06-12 15:59:50,171 [http-nio-8080-exec-1] 137 - Checking thee merchant and PG status and Service status.
INFO 2021-06-12 15:59:50,183 [http-nio-8080-exec-1] 355 - Merchant Detals :: {"created":1623488512691,"updated":1623488513287,"id":3,"merchantID":"620476732591","merchantPGNme":"LETZPAY","merchantPGAppId":"3921510524131338","merchantPGSecret":"VqPuEhleBSMv7VnR4ErPJAr3JbaHBRUnRlcrqwt6OOc=","merchantPGSaltKey":"0191a0a608c04f12","status":"ACTIVE","reason":null,"createdAt":1623493790182,"updatedAt":1623488513287}
INFO 2021-06-12 15:59:50,185 [http-nio-8080-exec-1] 150 - merchantPGDetails :: {"created":1623493790182,"updated":1623488513287,"id":3,"merchantID":"620476732591","merchantPGNme":"LETZPAY","merchantPGAppId":"3921510524131338","merchantPGSecret":"VqPuEhleBSMv7VnR4ErPJAr3JbaHBRUnRlcrqwt6OOc=","merchantPGSaltKey":"0191a0a608c04f12","status":"ACTIVE","reason":null,"createdAt":1623493790185,"updatedAt":1623488513287}
INFO 2021-06-12 15:59:50,471 [http-nio-8080-exec-1] 81 - Input formData :: {appId=[bd7761568db64478a3ccc8b33f58096b], customerEmail=[test@gmail.com], customerName=[harsh], customerPhone=[9599298936], orderAmount=[1000], orderCurrency=[INR], orderId=[9999000045], orderNote=[Test], paymentCode=[2007], paymentOption=[wallet], returnUrl=[http://localhost:8080/testConsume], signature=[V9KUXtfj8B7vdYxDp5nCoKpFywahs9ZSeFfr98uT2zA]}
INFO 2021-06-12 15:59:50,472 [http-nio-8080-exec-1] 88 - Parameter :: {customerPhone=9599298936, orderAmount=1000, paymentCode=2007, orderCurrency=INR, orderId=9999000045, orderNote=Test, appId=bd7761568db64478a3ccc8b33f58096b, customerEmail=test@gmail.com, paymentOption=wallet, returnUrl=http://localhost:8080/testConsume, customerName=harsh}
INFO 2021-06-12 15:59:50,473 [http-nio-8080-exec-1] 91 - Signature :: V9KUXtfj8B7vdYxDp5nCoKpFywahs9ZSeFfr98uT2zA
INFO 2021-06-12 15:59:50,474 [http-nio-8080-exec-1] 101 - signeddata :: V9KUXtfj8B7vdYxDp5nCoKpFywahs9ZSeFfr98uT2zA
INFO 2021-06-12 15:59:50,478 [http-nio-8080-exec-1] 188 - Inside Letzpay processor ...
INFO 2021-06-12 15:59:50,479 [http-nio-8080-exec-1] 62 - Inside processLetzPayRequest()
INFO 2021-06-12 15:59:50,479 [http-nio-8080-exec-1] 95 - Inside processCashFreeRequest() into UP process
INFO 2021-06-12 15:59:50,480 [http-nio-8080-exec-1] 184 - Inside setWalletDetailsCashFree()123
INFO 2021-06-12 15:59:50,481 [http-nio-8080-exec-1] 196 - Input Parameters :: {AMOUNT=1000, CURRENCY_CODE=356, CUST_EMAIL=test@gmail.com, CUST_PHONE=9599298936, ORDER_ID=16234937906509, PAY_ID=3921510524131338, RETURN_URL=http://localhost:8080/notifyurlLetsPay, MOP_TYPE=APWL, CUST_NAME=harsh, PAYMENT_TYPE=WL}
INFO 2021-06-12 15:59:50,769 [http-nio-8080-exec-1] 199 - enCryption :: ITeHtlK0qlql/9AlON0u8uVxBW+vZU9M6PMEaOCo/LM+IbnIGO4GZ5nGk59AFiCbEKerfScv+dcpbRBm/Cop1nGDaY+X4laseX7Dy/Lg1Gexr765l9mJJyA5fVCYTaKJL+qPhbOH3nxs4mQM8YVXOxDsidobJ28PVFSA5vDHAoJi/n48adOTkCKWIVXNNf5EAWygVuDvlEVWsQxcaLW/TCCwNdvM4zM4QBJ2WjCbWPIxT20HuDp69WwZBDcXevT6r8uQIhdoFzKFDmIBeo6dYq3NPAG69iO5voxrcK7X+ysIxBD1nkifv+Zs51+DuQ4Td350CWu3GvVC8FguuIuOpjETDvRTx7qvySy37IvQ6p0aUOvTOsMGQ1qrIRT0AzhJy+pgUhdgTYgAG3aKkuLiAQ
INFO 2021-06-12 15:59:50,815 [http-nio-8080-exec-1] 205 - End setWalletDetailsCashFree()
INFO 2021-06-12 15:59:50,816 [http-nio-8080-exec-1] 116 - End processLetzPayRequest()
INFO 2021-06-12 15:59:50,816 [http-nio-8080-exec-1] 191 - After Model creation ...
INFO 2021-06-12 15:59:50,816 [http-nio-8080-exec-1] 367 - Inside UserDetails()
INFO 2021-06-12 15:59:50,829 [http-nio-8080-exec-1] 440 - Before Transaction
INFO 2021-06-12 15:59:52,109 [http-nio-8080-exec-2] 71 - Method  webhookRequest()
INFO 2021-06-12 15:59:52,109 [http-nio-8080-exec-2] 72 - webhookRequest Request From UI :: {ENCDATA=[5nrCcmBjafe8n+ej//OuPGcNRz3Fx5YssswCZWGAION7gg7EzdfC2AY7wJF5QDuN5AUBhai/14SJtImZtYmMwKcvVPjPLhjSkwyPvlMFTTaddgEik+yX/+PmWb2jRyn0XNKWr/sM19rfUUcyShXX0KIwkBXJB9DIL/OJFcJ7YZbwqSFWJlm+lHNW8Iob1ECbIBFzHc5Z2rblB8idsn/isOaCQpRf4Lg24UZ/c2+zC7J97GolipBEbyRYzMHEdJpUGfTADOORF40Um4pkvk3VAqXAUf1OjyY3YcXiae7vGflns14pcsZdP7jZFFa/UViNYmMDknHzZYcQdDnkcsbgTdr8yG9XboIIMnqgli0rbD0tC6SZ4T/CVmAww4Zr+5LSnqvyXzz32oMNlGoy9rNAd7g/6SPd5orZ7WoPZzI0L8YZIjdBNi1QHr1cq7jiAWO2rKP6pt/tvBNeZN1R1aYm5tshD3FraLCNI/Sc6W0Z6qdjECpb9QsHF673pAJp+oO2lHrl1f6Hjuy38TqtQa6JmDGSnfrTDe+5Bd/wccd4AJRCnxZuZsGrACJO6P0754hegf/mpudoPsRGQQbVe9JAMM9SDaeaj7sado8ykZC4zTetylbax2tJvzGmJe5yv2I8XiVWEkQkdxr1yTqu0EV+Z0AUL7ihP8sT3Do0priZjs7uV7qr1dG1Vl2stS4SdU1tCka/SWcuSltVkev5Wu4gWeuQO6+5nTh+D7BekKTxA1WFtAg1npEUePpOmdGeo8Gc99nP3cL11J/HDlryYhtxtwWMOQBRNCfA21Fa69rcKMPbcxoQygsysrdVqPYc4jeT]}
INFO 2021-06-12 15:59:52,429 [http-nio-8080-exec-2] 74 - After pgGatewayService.acceptNotifyURLLetzPay()
INFO 2021-06-12 15:59:52,433 [http-nio-8080-exec-2] 634 - Return URL :: http%3A%2F%2Flocalhost%3A8080%2FtestConsume
INFO 2021-06-12 15:59:52,700 [http-nio-8080-exec-2] 77 - After generate Model Info
INFO 2021-06-12 15:59:52,734 [http-nio-8080-exec-3] 88 - Method  testConsume()
INFO 2021-06-12 15:59:52,734 [http-nio-8080-exec-3] 89 - testConsume Request From UI :: {orderAmount=[Failed, 1000], paymentOption=[wallet], MerchantorderId=[9999000045], VendorOrderId=[16234937906509], txtDate=[2021-06-12 15:59:51], signature=[elTl2H3HtlhDHl2iMlvcBZIOxuCGP7PaeKohHqzdS8g]}
INFO 2021-06-12 17:38:16,994 [Thread-18] 651 - Closing JPA EntityManagerFactory for persistence unit 'default'
INFO 2021-06-12 17:38:16,996 [Thread-18] 350 - HikariPool-4 - Shutdown initiated...
INFO 2021-06-12 17:38:16,998 [Thread-18] 352 - HikariPool-4 - Shutdown completed.
